=== Run information ===

Scheme:       weka.classifiers.meta.Stacking -X 10 -M "weka.classifiers.functions.MultilayerPerceptron -L 0.3 -M 0.2 -N 500 -V 0 -S 0 -E 20 -H a" -S 1 -num-slots 1 -B "weka.classifiers.bayes.NaiveBayes " -B "weka.classifiers.functions.LibSVM -S 0 -K 2 -D 3 -G 0.0 -R 0.0 -N 0.5 -M 40.0 -C 1.0 -E 0.001 -P 0.1 -model D:\\Weka-3-7 -seed 1" -B "weka.classifiers.functions.MultilayerPerceptron -L 0.3 -M 0.2 -N 500 -V 0 -S 0 -E 20 -H a" -B "weka.classifiers.functions.Logistic -R 1.0E-8 -M -1"
Relation:     ?????4attr
Instances:    11042
Attributes:   5
              PPERSAUT
              PVRAAUT
              PBRAND
              PPLEZIER
              CARAVAN
Test mode:    user supplied test set:  size unknown (reading incrementally)

=== Classifier model (full training set) ===

Stacking

Base classifiers

Naive Bayes Classifier

                Class
Attribute           0      1
                (0.5)  (0.5)
=============================
PPERSAUT
  0             2774.0 1153.0
  1                1.0    1.0
  2                1.0    1.0
  3                1.0    1.0
  4                2.0    1.0
  5              600.0  225.0
  6             2058.0 4193.0
  7               42.0    1.0
  8                4.0    1.0
  9                1.0    1.0
  [total]       5484.0 5578.0

PVRAAUT
  0             5466.0 5569.0
  1                1.0    1.0
  2                1.0    1.0
  3                1.0    1.0
  4                2.0    1.0
  5                1.0    1.0
  6                8.0    1.0
  7                1.0    1.0
  8                1.0    1.0
  9                2.0    1.0
  [total]       5484.0 5578.0

PBRAND
  0             2558.0 1745.0
  1              159.0   49.0
  2              530.0   97.0
  3              853.0 1089.0
  4             1076.0 2417.0
  5              142.0  129.0
  6              153.0   49.0
  7               10.0    1.0
  8                2.0    1.0
  9                1.0    1.0
  [total]       5484.0 5578.0

PPLEZIER
  0             5455.0 5361.0
  1                3.0   49.0
  2                4.0   33.0
  3                4.0   33.0
  4               10.0   65.0
  5                3.0    1.0
  6                2.0   33.0
  7                1.0    1.0
  8                1.0    1.0
  9                1.0    1.0
  [total]       5484.0 5578.0



LibSVM wrapper, original code by Yasser EL-Manzalawy (= WLSVM)

Sigmoid Node 0
    Inputs    Weights
    Threshold    1.0569827353682513
    Node 2    -0.420927968761075
    Node 3    -0.05666317356375526
    Node 4    0.6857744392500673
    Node 5    6.924361010627738
    Node 6    -0.5010413735048107
    Node 7    0.7971890587527091
    Node 8    -1.2791949522607478
    Node 9    1.2881017251985625
    Node 10    -1.2754294805393536
    Node 11    0.34653772650913217
    Node 12    -0.4773126030247473
    Node 13    -0.5960789031872896
    Node 14    0.9144515659667686
    Node 15    -2.3859290403748705
    Node 16    -0.6322847637134945
    Node 17    1.9844446842963113
    Node 18    -2.1395037039608167
    Node 19    -0.593432403708331
    Node 20    -0.03501923808266823
    Node 21    -0.5381195555852275
    Node 22    -1.3165350847189834
Sigmoid Node 1
    Inputs    Weights
    Threshold    -1.056925103990043
    Node 2    0.44185104129847314
    Node 3    0.07972249825866158
    Node 4    -0.6854685974212962
    Node 5    -6.899145714907023
    Node 6    0.5210448305313579
    Node 7    -0.7896332050912296
    Node 8    1.3287331095387729
    Node 9    -1.2881215106984294
    Node 10    1.2435369677018657
    Node 11    -0.34424005942621383
    Node 12    0.44876198620658636
    Node 13    0.5160494044718966
    Node 14    -0.9311681095828795
    Node 15    2.3859776154077066
    Node 16    0.632389060398499
    Node 17    -1.9874041294860987
    Node 18    2.1333263509318714
    Node 19    0.5649987444187362
    Node 20    0.025487383047144287
    Node 21    0.5499662818434066
    Node 22    1.316905733304467
Sigmoid Node 2
    Inputs    Weights
    Threshold    -0.44830664687622945
    Attrib PPERSAUT=0    -0.19623465133658655
    Attrib PPERSAUT=1    -0.04058891037742757
    Attrib PPERSAUT=2    -0.015254372223598316
    Attrib PPERSAUT=3    0.046562347090646036
    Attrib PPERSAUT=4    0.40529707612756416
    Attrib PPERSAUT=5    -0.5136709526076019
    Attrib PPERSAUT=6    1.601902176000588
    Attrib PPERSAUT=7    0.1477275028323362
    Attrib PPERSAUT=8    0.236704643520196
    Attrib PPERSAUT=9    0.04855824176563063
    Attrib PVRAAUT=0    -0.10042824866284922
    Attrib PVRAAUT=1    -0.025598664065267264
    Attrib PVRAAUT=2    -0.04221557616131416
    Attrib PVRAAUT=3    -0.035157958348986586
    Attrib PVRAAUT=4    0.38913254112192297
    Attrib PVRAAUT=5    0.010719683275426536
    Attrib PVRAAUT=6    0.15148795720404798
    Attrib PVRAAUT=7    0.022705465496515254
    Attrib PVRAAUT=8    -0.03502051801244758
    Attrib PVRAAUT=9    0.43944901021177585
    Attrib PBRAND=0    -0.4777149604913318
    Attrib PBRAND=1    0.29125682428424887
    Attrib PBRAND=2    0.3005692685350473
    Attrib PBRAND=3    -0.2676348223720041
    Attrib PBRAND=4    1.990883266322533
    Attrib PBRAND=5    0.39784659707176667
    Attrib PBRAND=6    0.3806707626238525
    Attrib PBRAND=7    0.2368328124728078
    Attrib PBRAND=8    0.44519631664119685
    Attrib PBRAND=9    0.027089776748112054
    Attrib PPLEZIER=0    -0.682718885473911
    Attrib PPLEZIER=1    0.6799782827659975
    Attrib PPLEZIER=2    0.4367498792650272
    Attrib PPLEZIER=3    0.8919555530340819
    Attrib PPLEZIER=4    -0.34832115960782906
    Attrib PPLEZIER=5    0.35720686669039836
    Attrib PPLEZIER=6    0.9178927402316139
    Attrib PPLEZIER=7    -0.029470783636939713
    Attrib PPLEZIER=8    0.0042730378378266765
    Attrib PPLEZIER=9    -0.03408638101725507
Sigmoid Node 3
    Inputs    Weights
    Threshold    -0.25558165028403584
    Attrib PPERSAUT=0    0.2908909227240686
    Attrib PPERSAUT=1    0.01930867323803137
    Attrib PPERSAUT=2    -0.02523048346521938
    Attrib PPERSAUT=3    0.0068218980079745445
    Attrib PPERSAUT=4    0.22870157456526993
    Attrib PPERSAUT=5    -0.6977548560283491
    Attrib PPERSAUT=6    1.4844314908713292
    Attrib PPERSAUT=7    -0.10461605654583635
    Attrib PPERSAUT=8    -0.19892952557017016
    Attrib PPERSAUT=9    0.03656985785204778
    Attrib PVRAAUT=0    0.1529543066200579
    Attrib PVRAAUT=1    -0.014645238730991321
    Attrib PVRAAUT=2    -0.012955751216971956
    Attrib PVRAAUT=3    -0.014509566887179526
    Attrib PVRAAUT=4    0.21394853294834867
    Attrib PVRAAUT=5    -0.005630457843533762
    Attrib PVRAAUT=6    -0.06152838361617141
    Attrib PVRAAUT=7    0.0017017901854496226
    Attrib PVRAAUT=8    0.0433583091316949
    Attrib PVRAAUT=9    0.30536542126545635
    Attrib PBRAND=0    -0.29918666003950783
    Attrib PBRAND=1    0.35737339512192384
    Attrib PBRAND=2    -0.03526074144717469
    Attrib PBRAND=3    -1.0799860609620007
    Attrib PBRAND=4    2.163468324099145
    Attrib PBRAND=5    -0.11629085636020187
    Attrib PBRAND=6    0.5711966713648006
    Attrib PBRAND=7    0.009680831913524516
    Attrib PBRAND=8    0.21865967628037872
    Attrib PBRAND=9    0.034848362716348086
    Attrib PPLEZIER=0    -2.2864749984248327
    Attrib PPLEZIER=1    0.7325720962779176
    Attrib PPLEZIER=2    0.24782014038961045
    Attrib PPLEZIER=3    1.7406162957143179
    Attrib PPLEZIER=4    -0.17455176732211128
    Attrib PPLEZIER=5    -0.05205494047464595
    Attrib PPLEZIER=6    1.0262676610165418
    Attrib PPLEZIER=7    -0.008999467642010907
    Attrib PPLEZIER=8    1.4065003647649454E-4
    Attrib PPLEZIER=9    -0.036644188017443846
Sigmoid Node 4
    Inputs    Weights
    Threshold    -0.20258753634063745
    Attrib PPERSAUT=0    0.6811304250758574
    Attrib PPERSAUT=1    -0.02017556498065991
    Attrib PPERSAUT=2    -0.040699014317710815
    Attrib PPERSAUT=3    0.040256599249724745
    Attrib PPERSAUT=4    0.4627746761915482
    Attrib PPERSAUT=5    -1.4801696496505583
    Attrib PPERSAUT=6    -0.7088655461149378
    Attrib PPERSAUT=7    1.34463631591045
    Attrib PPERSAUT=8    0.500504675292432
    Attrib PPERSAUT=9    -0.022940858183274095
    Attrib PVRAAUT=0    -0.8547096289545546
    Attrib PVRAAUT=1    -0.01574110088632391
    Attrib PVRAAUT=2    -0.043398994360097046
    Attrib PVRAAUT=3    0.027333068032260988
    Attrib PVRAAUT=4    0.4139189857321881
    Attrib PVRAAUT=5    -0.021389385727389944
    Attrib PVRAAUT=6    0.5849619306629745
    Attrib PVRAAUT=7    -0.00822595824604401
    Attrib PVRAAUT=8    -0.0012421315585341014
    Attrib PVRAAUT=9    0.24081473915443413
    Attrib PBRAND=0    -0.2711421362770742
    Attrib PBRAND=1    2.2285740558389318
    Attrib PBRAND=2    -0.09880688061494734
    Attrib PBRAND=3    -2.2834211889093745
    Attrib PBRAND=4    -2.626691438953499
    Attrib PBRAND=5    1.9284533823966907
    Attrib PBRAND=6    1.3916836489896818
    Attrib PBRAND=7    0.7510363406865578
    Attrib PBRAND=8    0.3420045760551744
    Attrib PBRAND=9    0.03318592382228229
    Attrib PPLEZIER=0    -0.15679105879001962
    Attrib PPLEZIER=1    0.05592585237512934
    Attrib PPLEZIER=2    0.30892191970817046
    Attrib PPLEZIER=3    -0.08122856402688407
    Attrib PPLEZIER=4    0.3927831534162876
    Attrib PPLEZIER=5    0.4344963090158396
    Attrib PPLEZIER=6    0.08447872886203678
    Attrib PPLEZIER=7    -0.028617045178432523
    Attrib PPLEZIER=8    0.038927314437022034
    Attrib PPLEZIER=9    0.003149208923338219
Sigmoid Node 5
    Inputs    Weights
    Threshold    0.574512040898867
    Attrib PPERSAUT=0    -1.1157502779931867
    Attrib PPERSAUT=1    -0.032221196457270396
    Attrib PPERSAUT=2    -0.02745249877974848
    Attrib PPERSAUT=3    -0.04398526721305948
    Attrib PPERSAUT=4    -0.047627275614145155
    Attrib PPERSAUT=5    -4.250284857474461
    Attrib PPERSAUT=6    -2.1560097120461426
    Attrib PPERSAUT=7    3.696874169546497
    Attrib PPERSAUT=8    1.429566692251951
    Attrib PPERSAUT=9    0.03280209661510819
    Attrib PVRAAUT=0    -3.6189477522866853
    Attrib PVRAAUT=1    -0.04431585901121873
    Attrib PVRAAUT=2    -0.04015366289752153
    Attrib PVRAAUT=3    -0.029887661091594766
    Attrib PVRAAUT=4    0.2845095978192591
    Attrib PVRAAUT=5    -0.031837984879899396
    Attrib PVRAAUT=6    2.5975041467358486
    Attrib PVRAAUT=7    0.04329150223999942
    Attrib PVRAAUT=8    0.003182173616697058
    Attrib PVRAAUT=9    -0.6334774840121304
    Attrib PBRAND=0    -2.5417227274394683
    Attrib PBRAND=1    -1.781386268916867
    Attrib PBRAND=2    -1.482889643797022
    Attrib PBRAND=3    -0.47746272228105435
    Attrib PBRAND=4    -0.5295596424901405
    Attrib PBRAND=5    0.8690150089628825
    Attrib PBRAND=6    -1.9114631585623438
    Attrib PBRAND=7    3.9255126685540778
    Attrib PBRAND=8    -0.4259907782653297
    Attrib PBRAND=9    -0.004587355118802872
    Attrib PPLEZIER=0    -4.14567591374279
    Attrib PPLEZIER=1    0.8937843792490492
    Attrib PPLEZIER=2    0.08040286930088142
    Attrib PPLEZIER=3    -0.7200616381272732
    Attrib PPLEZIER=4    1.7204354593973608
    Attrib PPLEZIER=5    0.5184103091394202
    Attrib PPLEZIER=6    -1.288712025783596
    Attrib PPLEZIER=7    -0.026827381369107974
    Attrib PPLEZIER=8    9.633488330150555E-4
    Attrib PPLEZIER=9    0.014345577141042024
Sigmoid Node 6
    Inputs    Weights
    Threshold    -0.44977341700068335
    Attrib PPERSAUT=0    -0.17656860244170353
    Attrib PPERSAUT=1    -0.010859656525320671
    Attrib PPERSAUT=2    -0.020046238257580697
    Attrib PPERSAUT=3    0.007394398394833704
    Attrib PPERSAUT=4    0.4390774102691111
    Attrib PPERSAUT=5    -0.5338727698001706
    Attrib PPERSAUT=6    1.5325364163074333
    Attrib PPERSAUT=7    0.19994507716402324
    Attrib PPERSAUT=8    0.35882862008906236
    Attrib PPERSAUT=9    0.019112342202668248
    Attrib PVRAAUT=0    -0.12971375098501584
    Attrib PVRAAUT=1    0.03775235667800511
    Attrib PVRAAUT=2    -0.019049599723266565
    Attrib PVRAAUT=3    -0.03650497827972582
    Attrib PVRAAUT=4    0.38829210853062607
    Attrib PVRAAUT=5    0.04389548753559051
    Attrib PVRAAUT=6    0.14613707916891366
    Attrib PVRAAUT=7    0.024701109700640614
    Attrib PVRAAUT=8    0.045934903170722366
    Attrib PVRAAUT=9    0.4326342173383582
    Attrib PBRAND=0    -0.6990830642831521
    Attrib PBRAND=1    0.21991284929397967
    Attrib PBRAND=2    0.5137782111001045
    Attrib PBRAND=3    0.14495809721064498
    Attrib PBRAND=4    1.6141440847996364
    Attrib PBRAND=5    0.31512159613760066
    Attrib PBRAND=6    0.2848389947529473
    Attrib PBRAND=7    0.28582832430224897
    Attrib PBRAND=8    0.4401438276018242
    Attrib PBRAND=9    -0.03422586183701232
    Attrib PPLEZIER=0    -0.2903684551558359
    Attrib PPLEZIER=1    0.6406127135437459
    Attrib PPLEZIER=2    0.4026689985387396
    Attrib PPLEZIER=3    0.716055505457077
    Attrib PPLEZIER=4    -0.18184597451141746
    Attrib PPLEZIER=5    0.3702037052772495
    Attrib PPLEZIER=6    0.5950533067238422
    Attrib PPLEZIER=7    0.03706017361662191
    Attrib PPLEZIER=8    0.04185598441577636
    Attrib PPLEZIER=9    -0.038710434381128804
Sigmoid Node 7
    Inputs    Weights
    Threshold    -0.0782346600590528
    Attrib PPERSAUT=0    1.0496709088914304
    Attrib PPERSAUT=1    0.024826633508279766
    Attrib PPERSAUT=2    0.044766015826614755
    Attrib PPERSAUT=3    0.007840609509938902
    Attrib PPERSAUT=4    0.1559997492295379
    Attrib PPERSAUT=5    -0.7049569930889407
    Attrib PPERSAUT=6    -1.3340054754878767
    Attrib PPERSAUT=7    1.1121072819836852
    Attrib PPERSAUT=8    0.12278084423086827
    Attrib PPERSAUT=9    0.04335479535413604
    Attrib PVRAAUT=0    -0.8992489452765414
    Attrib PVRAAUT=1    -0.026243501402922777
    Attrib PVRAAUT=2    -0.03476238278512535
    Attrib PVRAAUT=3    -0.017938595623584977
    Attrib PVRAAUT=4    0.608313522140615
    Attrib PVRAAUT=5    -0.04494331427431473
    Attrib PVRAAUT=6    0.33545897863092894
    Attrib PVRAAUT=7    0.04170097613319493
    Attrib PVRAAUT=8    0.03176117016121653
    Attrib PVRAAUT=9    0.06151594878304445
    Attrib PBRAND=0    -1.3274217189359045
    Attrib PBRAND=1    1.298860026922707
    Attrib PBRAND=2    -0.23835587318650037
    Attrib PBRAND=3    -0.9817923897618502
    Attrib PBRAND=4    -1.3475370304231142
    Attrib PBRAND=5    2.0406548121560832
    Attrib PBRAND=6    0.503741011084561
    Attrib PBRAND=7    0.432545938454797
    Attrib PBRAND=8    0.1943887690930024
    Attrib PBRAND=9    0.013624055671781404
    Attrib PPLEZIER=0    -0.6790015397696179
    Attrib PPLEZIER=1    0.26193425687109606
    Attrib PPLEZIER=2    0.2344847634930894
    Attrib PPLEZIER=3    0.138874166654596
    Attrib PPLEZIER=4    0.30982278800826724
    Attrib PPLEZIER=5    0.2405905308486842
    Attrib PPLEZIER=6    -0.02180064426257635
    Attrib PPLEZIER=7    -0.03747093574006406
    Attrib PPLEZIER=8    -0.04590306459406395
    Attrib PPLEZIER=9    0.005834190498684243
Sigmoid Node 8
    Inputs    Weights
    Threshold    -0.13836991666259504
    Attrib PPERSAUT=0    1.1486433918781767
    Attrib PPERSAUT=1    0.009100274674009742
    Attrib PPERSAUT=2    0.013384638924415077
    Attrib PPERSAUT=3    0.01883741645423978
    Attrib PPERSAUT=4    0.10780527590544699
    Attrib PPERSAUT=5    -0.1644928164202799
    Attrib PPERSAUT=6    1.2644306215758605
    Attrib PPERSAUT=7    -0.2503664403418541
    Attrib PPERSAUT=8    -1.4860952831972114
    Attrib PPERSAUT=9    0.0025436639306058995
    Attrib PVRAAUT=0    0.2365911800989806
    Attrib PVRAAUT=1    0.02741252605695292
    Attrib PVRAAUT=2    0.006818087961082853
    Attrib PVRAAUT=3    -0.044562508295516126
    Attrib PVRAAUT=4    0.09610678473515957
    Attrib PVRAAUT=5    -0.03722843113315293
    Attrib PVRAAUT=6    -0.16827031079926807
    Attrib PVRAAUT=7    0.02792507752392008
    Attrib PVRAAUT=8    0.038054341681313816
    Attrib PVRAAUT=9    0.19341660957189158
    Attrib PBRAND=0    0.12365990911615934
    Attrib PBRAND=1    0.8690379774499088
    Attrib PBRAND=2    -0.18914410914976218
    Attrib PBRAND=3    -1.7185888841464838
    Attrib PBRAND=4    2.340916007304406
    Attrib PBRAND=5    -1.0175407668536935
    Attrib PBRAND=6    0.7793922824280948
    Attrib PBRAND=7    -0.09124962675825081
    Attrib PBRAND=8    0.11868654925200119
    Attrib PBRAND=9    0.036759355312102324
    Attrib PPLEZIER=0    -4.274905335445619
    Attrib PPLEZIER=1    0.5527628669383492
    Attrib PPLEZIER=2    -0.26633296001636847
    Attrib PPLEZIER=3    2.2191491876630907
    Attrib PPLEZIER=4    0.7595426763494503
    Attrib PPLEZIER=5    -0.3931695363576396
    Attrib PPLEZIER=6    2.271172686932967
    Attrib PPLEZIER=7    -0.042335660521171416
    Attrib PPLEZIER=8    -0.045027299541612324
    Attrib PPLEZIER=9    0.0279579715102031
Sigmoid Node 9
    Inputs    Weights
    Threshold    0.07506466269715474
    Attrib PPERSAUT=0    -2.11957568206368
    Attrib PPERSAUT=1    -0.02694060420740393
    Attrib PPERSAUT=2    0.026450394842621253
    Attrib PPERSAUT=3    0.045824311992150826
    Attrib PPERSAUT=4    2.518904694535834
    Attrib PPERSAUT=5    2.2086010064294284
    Attrib PPERSAUT=6    -5.76327990990175
    Attrib PPERSAUT=7    1.4216816687672047
    Attrib PPERSAUT=8    1.571624360838518
    Attrib PPERSAUT=9    -0.01583851190662873
    Attrib PVRAAUT=0    -0.609579146689498
    Attrib PVRAAUT=1    -0.004659957898645997
    Attrib PVRAAUT=2    -0.010676982125853732
    Attrib PVRAAUT=3    -0.032146509293732896
    Attrib PVRAAUT=4    0.217663192887452
    Attrib PVRAAUT=5    -0.044778622240076366
    Attrib PVRAAUT=6    0.3223079410670287
    Attrib PVRAAUT=7    -0.019210859731239482
    Attrib PVRAAUT=8    0.004198926199592765
    Attrib PVRAAUT=9    0.021984803549682286
    Attrib PBRAND=0    -0.28613298870302434
    Attrib PBRAND=1    3.374783804772784
    Attrib PBRAND=2    -0.41650365804331735
    Attrib PBRAND=3    -5.698854221166351
    Attrib PBRAND=4    -4.075914800141455
    Attrib PBRAND=5    2.913058744375765
    Attrib PBRAND=6    3.374159127443519
    Attrib PBRAND=7    0.366776859231037
    Attrib PBRAND=8    0.09243167243945834
    Attrib PBRAND=9    0.015107483680485256
    Attrib PPLEZIER=0    0.13721672741448468
    Attrib PPLEZIER=1    -0.3573962180112571
    Attrib PPLEZIER=2    0.10123325256592067
    Attrib PPLEZIER=3    -0.44482667739295856
    Attrib PPLEZIER=4    0.136939458936207
    Attrib PPLEZIER=5    0.256615670106682
    Attrib PPLEZIER=6    -0.15410147295740834
    Attrib PPLEZIER=7    -0.008648505870265277
    Attrib PPLEZIER=8    0.0059468375476600666
    Attrib PPLEZIER=9    0.011809776222980739
Sigmoid Node 10
    Inputs    Weights
    Threshold    -0.14321694678125543
    Attrib PPERSAUT=0    1.1305469098939243
    Attrib PPERSAUT=1    0.002914663242359561
    Attrib PPERSAUT=2    -0.03677362147206307
    Attrib PPERSAUT=3    0.00898173958652946
    Attrib PPERSAUT=4    0.10322281065665695
    Attrib PPERSAUT=5    -0.17811820725567581
    Attrib PPERSAUT=6    1.2444535250775273
    Attrib PPERSAUT=7    -0.25428709506522235
    Attrib PPERSAUT=8    -1.4297076927489303
    Attrib PPERSAUT=9    0.023277894107865293
    Attrib PVRAAUT=0    0.2433156662854992
    Attrib PVRAAUT=1    0.008693854807238874
    Attrib PVRAAUT=2    0.03232494851623827
    Attrib PVRAAUT=3    0.043233661719396396
    Attrib PVRAAUT=4    0.1363584281049168
    Attrib PVRAAUT=5    0.0013038222108801567
    Attrib PVRAAUT=6    -0.1860823466730865
    Attrib PVRAAUT=7    -0.04147798042374069
    Attrib PVRAAUT=8    0.035355517034124775
    Attrib PVRAAUT=9    0.18469530483066446
    Attrib PBRAND=0    0.09400112155494679
    Attrib PBRAND=1    0.8601693060864987
    Attrib PBRAND=2    -0.21011828793692475
    Attrib PBRAND=3    -1.7087117855175888
    Attrib PBRAND=4    2.329384902947833
    Attrib PBRAND=5    -1.048469011035185
    Attrib PBRAND=6    0.7738655797016447
    Attrib PBRAND=7    -0.04992107076332777
    Attrib PBRAND=8    0.1953927285235715
    Attrib PBRAND=9    -0.014489120103898336
    Attrib PPLEZIER=0    -4.246203619735061
    Attrib PPLEZIER=1    0.5515624717971463
    Attrib PPLEZIER=2    -0.2897877699309006
    Attrib PPLEZIER=3    2.242839224989772
    Attrib PPLEZIER=4    0.7274207714564356
    Attrib PPLEZIER=5    -0.3967256418957695
    Attrib PPLEZIER=6    2.206189644002771
    Attrib PPLEZIER=7    -0.017550679083218834
    Attrib PPLEZIER=8    0.025160719358889957
    Attrib PPLEZIER=9    -0.00863327106425342
Sigmoid Node 11
    Inputs    Weights
    Threshold    0.1909376864257999
    Attrib PPERSAUT=0    1.5716829718866854
    Attrib PPERSAUT=1    -0.047425220939764284
    Attrib PPERSAUT=2    -0.03296987692406178
    Attrib PPERSAUT=3    -0.015309440298776955
    Attrib PPERSAUT=4    -0.10898856603416639
    Attrib PPERSAUT=5    -0.4333387252464343
    Attrib PPERSAUT=6    -3.46777985281573
    Attrib PPERSAUT=7    1.6616760421671088
    Attrib PPERSAUT=8    0.2856129947650692
    Attrib PPERSAUT=9    -0.04382689219016172
    Attrib PVRAAUT=0    -0.8941363511489262
    Attrib PVRAAUT=1    0.025774987370678126
    Attrib PVRAAUT=2    0.03503630319432875
    Attrib PVRAAUT=3    0.008779055615986874
    Attrib PVRAAUT=4    0.4633209027498342
    Attrib PVRAAUT=5    0.028635516449346185
    Attrib PVRAAUT=6    0.17794141769048297
    Attrib PVRAAUT=7    0.003654891069950407
    Attrib PVRAAUT=8    0.0111017629760254
    Attrib PVRAAUT=9    -0.10117014785969668
    Attrib PBRAND=0    -2.9374538249731117
    Attrib PBRAND=1    -0.13870470032388715
    Attrib PBRAND=2    1.4908540994747503
    Attrib PBRAND=3    -2.675233227730763
    Attrib PBRAND=4    -3.225882808239829
    Attrib PBRAND=5    3.1339143260383864
    Attrib PBRAND=6    2.3174374528570003
    Attrib PBRAND=7    0.6049033344561207
    Attrib PBRAND=8    0.3150189546617779
    Attrib PBRAND=9    -0.002984994825867837
    Attrib PPLEZIER=0    -1.4427362385037406
    Attrib PPLEZIER=1    -0.061454841373956993
    Attrib PPLEZIER=2    0.21957347062790358
    Attrib PPLEZIER=3    -0.37975560746774634
    Attrib PPLEZIER=4    0.8221654837404343
    Attrib PPLEZIER=5    0.414355198523746
    Attrib PPLEZIER=6    -0.24279097826185797
    Attrib PPLEZIER=7    -0.009689681592234198
    Attrib PPLEZIER=8    -0.03669711305588894
    Attrib PPLEZIER=9    0.0016690843471569988
Sigmoid Node 12
    Inputs    Weights
    Threshold    -0.475338237051639
    Attrib PPERSAUT=0    -0.2226783747161257
    Attrib PPERSAUT=1    0.04427069167456764
    Attrib PPERSAUT=2    -0.015885084239670354
    Attrib PPERSAUT=3    0.03873732831321647
    Attrib PPERSAUT=4    0.4816436997144864
    Attrib PPERSAUT=5    -0.4834467656329397
    Attrib PPERSAUT=6    1.6101638922255828
    Attrib PPERSAUT=7    0.19314176580633402
    Attrib PPERSAUT=8    0.285714594800133
    Attrib PPERSAUT=9    -6.464790796219672E-4
    Attrib PVRAAUT=0    -0.0926907831023742
    Attrib PVRAAUT=1    -0.03500604455285148
    Attrib PVRAAUT=2    -5.53813607273558E-4
    Attrib PVRAAUT=3    0.04945588293494975
    Attrib PVRAAUT=4    0.4115136979862557
    Attrib PVRAAUT=5    -0.006837880202267589
    Attrib PVRAAUT=6    0.16742709938234734
    Attrib PVRAAUT=7    0.0011931339767381893
    Attrib PVRAAUT=8    -0.031111404358326367
    Attrib PVRAAUT=9    0.49101517286239527
    Attrib PBRAND=0    -0.5354331665651662
    Attrib PBRAND=1    0.2667311382935586
    Attrib PBRAND=2    0.25114117546186554
    Attrib PBRAND=3    -0.09860375546757233
    Attrib PBRAND=4    1.9187514032788489
    Attrib PBRAND=5    0.46512840468011074
    Attrib PBRAND=6    0.29785470584718715
    Attrib PBRAND=7    0.24082525616514533
    Attrib PBRAND=8    0.43851390889513786
    Attrib PBRAND=9    -0.01578337558894556
    Attrib PPLEZIER=0    -0.4501238635055753
    Attrib PPLEZIER=1    0.7002986032171865
    Attrib PPLEZIER=2    0.4756510934927402
    Attrib PPLEZIER=3    0.7122463261200759
    Attrib PPLEZIER=4    -0.19864180494996908
    Attrib PPLEZIER=5    0.3409302564685309
    Attrib PPLEZIER=6    0.8217520378624233
    Attrib PPLEZIER=7    -0.043014043291202765
    Attrib PPLEZIER=8    0.01386319868658302
    Attrib PPLEZIER=9    0.017958371805936485
Sigmoid Node 13
    Inputs    Weights
    Threshold    -0.4265878374781287
    Attrib PPERSAUT=0    -0.189019087600357
    Attrib PPERSAUT=1    0.027391464126394913
    Attrib PPERSAUT=2    -0.026836824972763032
    Attrib PPERSAUT=3    0.030768506209689822
    Attrib PPERSAUT=4    0.41093095519146783
    Attrib PPERSAUT=5    -0.5338058999481138
    Attrib PPERSAUT=6    1.5196841977325384
    Attrib PPERSAUT=7    0.2716504874746633
    Attrib PPERSAUT=8    0.33948678761139217
    Attrib PPERSAUT=9    -0.007167751879149344
    Attrib PVRAAUT=0    -0.08190692622186906
    Attrib PVRAAUT=1    -0.04536636364409215
    Attrib PVRAAUT=2    -0.02841191843934167
    Attrib PVRAAUT=3    -0.024788719949207783
    Attrib PVRAAUT=4    0.31913421989488777
    Attrib PVRAAUT=5    -0.008897604598109246
    Attrib PVRAAUT=6    0.17056891580342398
    Attrib PVRAAUT=7    0.019944227833569403
    Attrib PVRAAUT=8    -0.03259057194532436
    Attrib PVRAAUT=9    0.4488437669314077
    Attrib PBRAND=0    -0.9052508281475682
    Attrib PBRAND=1    0.23825500500172436
    Attrib PBRAND=2    0.6754018966701655
    Attrib PBRAND=3    0.5051607000582605
    Attrib PBRAND=4    1.2626129787238285
    Attrib PBRAND=5    0.16067501720017774
    Attrib PBRAND=6    0.34435540856059205
    Attrib PBRAND=7    0.2838661530367095
    Attrib PBRAND=8    0.42986627924870036
    Attrib PBRAND=9    0.03907628713071859
    Attrib PPLEZIER=0    -0.06693468002235436
    Attrib PPLEZIER=1    0.5054612868918437
    Attrib PPLEZIER=2    0.38304398009420665
    Attrib PPLEZIER=3    0.5411118041840318
    Attrib PPLEZIER=4    -0.12041443305252354
    Attrib PPLEZIER=5    0.4166204052330038
    Attrib PPLEZIER=6    0.48975100879267297
    Attrib PPLEZIER=7    0.01690129352832674
    Attrib PPLEZIER=8    0.016922188425547574
    Attrib PPLEZIER=9    -0.007079613472435062
Sigmoid Node 14
    Inputs    Weights
    Threshold    -0.09073585605205368
    Attrib PPERSAUT=0    0.6234953810267378
    Attrib PPERSAUT=1    0.03267318023347186
    Attrib PPERSAUT=2    -0.040058598792656386
    Attrib PPERSAUT=3    -0.014152719441231199
    Attrib PPERSAUT=4    0.09064576629967776
    Attrib PPERSAUT=5    -0.5647551216628843
    Attrib PPERSAUT=6    -1.796662628813702
    Attrib PPERSAUT=7    1.5495598190973832
    Attrib PPERSAUT=8    0.18511513021318718
    Attrib PPERSAUT=9    0.005293964073167824
    Attrib PVRAAUT=0    -0.9636421959206385
    Attrib PVRAAUT=1    0.026561013224109628
    Attrib PVRAAUT=2    -0.028815603771199808
    Attrib PVRAAUT=3    0.04448690822055955
    Attrib PVRAAUT=4    0.6391553254481043
    Attrib PVRAAUT=5    -0.019086348216146076
    Attrib PVRAAUT=6    0.339809116960499
    Attrib PVRAAUT=7    -0.0052787881044685375
    Attrib PVRAAUT=8    7.860570190945521E-4
    Attrib PVRAAUT=9    0.03580664818300613
    Attrib PBRAND=0    -1.1570452396114987
    Attrib PBRAND=1    -0.09034420434144927
    Attrib PBRAND=2    -0.04874983015702336
    Attrib PBRAND=3    -0.7241347440865605
    Attrib PBRAND=4    -0.8681658221686371
    Attrib PBRAND=5    2.4414938024350827
    Attrib PBRAND=6    0.42189907321049785
    Attrib PBRAND=7    0.3349828512829607
    Attrib PBRAND=8    0.15758200240068504
    Attrib PBRAND=9    -0.0035798822736833324
    Attrib PPLEZIER=0    -0.9857366774353592
    Attrib PPLEZIER=1    0.2220148555969453
    Attrib PPLEZIER=2    0.3201577914982132
    Attrib PPLEZIER=3    0.1444539266457805
    Attrib PPLEZIER=4    0.4815251014942327
    Attrib PPLEZIER=5    0.21875866088360577
    Attrib PPLEZIER=6    -0.09740306847344873
    Attrib PPLEZIER=7    -0.046694326277514124
    Attrib PPLEZIER=8    0.015559491126587735
    Attrib PPLEZIER=9    -0.013311826889858179
Sigmoid Node 15
    Inputs    Weights
    Threshold    -0.433942948940636
    Attrib PPERSAUT=0    -1.8180845565957693
    Attrib PPERSAUT=1    -0.04842288099548262
    Attrib PPERSAUT=2    0.04398609003378311
    Attrib PPERSAUT=3    -0.02519431375854754
    Attrib PPERSAUT=4    0.5890259621041556
    Attrib PPERSAUT=5    3.7572761168229185
    Attrib PPERSAUT=6    -2.6414214301158445
    Attrib PPERSAUT=7    1.4757352043937493
    Attrib PPERSAUT=8    0.6391287966885122
    Attrib PPERSAUT=9    -0.02044668488901067
    Attrib PVRAAUT=0    -0.8347463847106502
    Attrib PVRAAUT=1    -0.026524901288605265
    Attrib PVRAAUT=2    0.016141811617652768
    Attrib PVRAAUT=3    -0.030097635150720916
    Attrib PVRAAUT=4    0.5878447270681842
    Attrib PVRAAUT=5    -0.04320998964196452
    Attrib PVRAAUT=6    0.7717423735548022
    Attrib PVRAAUT=7    -0.030046589929189283
    Attrib PVRAAUT=8    0.004443059495758309
    Attrib PVRAAUT=9    0.48819078999906823
    Attrib PBRAND=0    -0.5655365313412384
    Attrib PBRAND=1    4.914710593419732
    Attrib PBRAND=2    -0.628275686929973
    Attrib PBRAND=3    0.1143303170988216
    Attrib PBRAND=4    -2.878538327004309
    Attrib PBRAND=5    0.5906240590471049
    Attrib PBRAND=6    0.5666849953432276
    Attrib PBRAND=7    0.7327914443332384
    Attrib PBRAND=8    0.5751792066254489
    Attrib PBRAND=9    -0.03140898790822806
    Attrib PPLEZIER=0    -0.0035293949956320203
    Attrib PPLEZIER=1    0.42597821993388674
    Attrib PPLEZIER=2    0.4728499409959804
    Attrib PPLEZIER=3    -0.14472564727388704
    Attrib PPLEZIER=4    0.6908907416451727
    Attrib PPLEZIER=5    0.710535637985614
    Attrib PPLEZIER=6    0.39853279061580055
    Attrib PPLEZIER=7    -0.010488183802342753
    Attrib PPLEZIER=8    0.04314263234019143
    Attrib PPLEZIER=9    0.02479417087983303
Sigmoid Node 16
    Inputs    Weights
    Threshold    -0.6712037987370518
    Attrib PPERSAUT=0    -1.7866773558672924
    Attrib PPERSAUT=1    -6.873910503655822E-4
    Attrib PPERSAUT=2    -0.031467965844053425
    Attrib PPERSAUT=3    -0.04676830254374675
    Attrib PPERSAUT=4    0.5586086979462779
    Attrib PPERSAUT=5    -1.6572713585533665
    Attrib PPERSAUT=6    5.952312337826846
    Attrib PPERSAUT=7    -1.023246395381477
    Attrib PPERSAUT=8    0.39981913558969767
    Attrib PPERSAUT=9    -9.882129059058942E-4
    Attrib PVRAAUT=0    2.0850071721839774
    Attrib PVRAAUT=1    -0.016476221454051275
    Attrib PVRAAUT=2    0.01827064219483969
    Attrib PVRAAUT=3    -0.037761191154704755
    Attrib PVRAAUT=4    -0.0018542661480807482
    Attrib PVRAAUT=5    0.0027429817096107575
    Attrib PVRAAUT=6    -1.5116820616716742
    Attrib PVRAAUT=7    0.016668322703333877
    Attrib PVRAAUT=8    0.030340203605433824
    Attrib PVRAAUT=9    0.5829759983125917
    Attrib PBRAND=0    2.8936133500184744
    Attrib PBRAND=1    -2.4848614301552527
    Attrib PBRAND=2    -0.9935266800396009
    Attrib PBRAND=3    2.32821876462385
    Attrib PBRAND=4    4.470099210130574
    Attrib PBRAND=5    1.9467653141792998
    Attrib PBRAND=6    -3.1693590302615617
    Attrib PBRAND=7    -1.2241075467534726
    Attrib PBRAND=8    0.6448207554282375
    Attrib PBRAND=9    -0.012147093527902664
    Attrib PPLEZIER=0    -2.645937471831644
    Attrib PPLEZIER=1    1.401415326379129
    Attrib PPLEZIER=2    0.7031366190773257
    Attrib PPLEZIER=3    0.7559242156153653
    Attrib PPLEZIER=4    1.0823940154466134
    Attrib PPLEZIER=5    0.5331779995605004
    Attrib PPLEZIER=6    1.1175955024816968
    Attrib PPLEZIER=7    1.0644090733273603E-4
    Attrib PPLEZIER=8    -2.560717509618726E-4
    Attrib PPLEZIER=9    -0.010555450971405367
Sigmoid Node 17
    Inputs    Weights
    Threshold    0.1947421096071833
    Attrib PPERSAUT=0    2.85881857175591
    Attrib PPERSAUT=1    -0.038024844978730925
    Attrib PPERSAUT=2    -0.01669683040670237
    Attrib PPERSAUT=3    0.04223463538725479
    Attrib PPERSAUT=4    -0.1990415066334929
    Attrib PPERSAUT=5    -0.5667227531902548
    Attrib PPERSAUT=6    -5.796552269058434
    Attrib PPERSAUT=7    1.5102588804532715
    Attrib PPERSAUT=8    1.2654418724503464
    Attrib PPERSAUT=9    0.04542687760164431
    Attrib PVRAAUT=0    -0.9300004554485441
    Attrib PVRAAUT=1    -0.04786994017520142
    Attrib PVRAAUT=2    0.004486565779964223
    Attrib PVRAAUT=3    -0.020347837608219534
    Attrib PVRAAUT=4    0.126941226859765
    Attrib PVRAAUT=5    -0.032724874426213336
    Attrib PVRAAUT=6    0.4464847432943982
    Attrib PVRAAUT=7    -0.026542085830869956
    Attrib PVRAAUT=8    -0.01809147832279081
    Attrib PVRAAUT=9    -0.1645353141905596
    Attrib PBRAND=0    -3.8920973151922995
    Attrib PBRAND=1    -0.10241882199510854
    Attrib PBRAND=2    3.7663514704614753
    Attrib PBRAND=3    -3.765269672962546
    Attrib PBRAND=4    -4.781193470302217
    Attrib PBRAND=5    2.9073595555133145
    Attrib PBRAND=6    3.0364479843689804
    Attrib PBRAND=7    0.6450577487613002
    Attrib PBRAND=8    0.5806344374769451
    Attrib PBRAND=9    -0.03547806232489628
    Attrib PPLEZIER=0    -3.078368447830352
    Attrib PPLEZIER=1    0.09082696613708112
    Attrib PPLEZIER=2    0.4460455083085511
    Attrib PPLEZIER=3    -0.9944551630453581
    Attrib PPLEZIER=4    1.7268709581129997
    Attrib PPLEZIER=5    0.8172627800808424
    Attrib PPLEZIER=6    -0.2986691499568353
    Attrib PPLEZIER=7    -0.0404328646093842
    Attrib PPLEZIER=8    -0.013465162157217068
    Attrib PPLEZIER=9    0.011246771691674415
Sigmoid Node 18
    Inputs    Weights
    Threshold    -0.17886696573550806
    Attrib PPERSAUT=0    0.26717959611817915
    Attrib PPERSAUT=1    0.04559613696580604
    Attrib PPERSAUT=2    0.01097197592616398
    Attrib PPERSAUT=3    -0.014448452584604012
    Attrib PPERSAUT=4    0.1807606693324081
    Attrib PPERSAUT=5    0.19100218231720714
    Attrib PPERSAUT=6    2.0598414496129935
    Attrib PPERSAUT=7    -0.20850086429943462
    Attrib PPERSAUT=8    -1.6059167497260038
    Attrib PPERSAUT=9    -0.026931616733233424
    Attrib PVRAAUT=0    0.1649044060337974
    Attrib PVRAAUT=1    -0.021678393510820928
    Attrib PVRAAUT=2    -0.045948198666767776
    Attrib PVRAAUT=3    -0.025035560190622343
    Attrib PVRAAUT=4    0.18321762622460766
    Attrib PVRAAUT=5    0.007210730947939045
    Attrib PVRAAUT=6    -0.13054758242414702
    Attrib PVRAAUT=7    0.009249600299859273
    Attrib PVRAAUT=8    0.003012305185091192
    Attrib PVRAAUT=9    0.25629377352770805
    Attrib PBRAND=0    0.29318372697437034
    Attrib PBRAND=1    1.0598021289144506
    Attrib PBRAND=2    -0.19988315031721246
    Attrib PBRAND=3    -1.8970318147339051
    Attrib PBRAND=4    2.321705568323745
    Attrib PBRAND=5    -1.1512498472977546
    Attrib PBRAND=6    0.8800405790061195
    Attrib PBRAND=7    -0.04750981451896519
    Attrib PBRAND=8    0.19497692628562616
    Attrib PBRAND=9    -0.012614000855495314
    Attrib PPLEZIER=0    -4.751511630986866
    Attrib PPLEZIER=1    0.5084685056421083
    Attrib PPLEZIER=2    -0.3646612140783251
    Attrib PPLEZIER=3    2.544521265625544
    Attrib PPLEZIER=4    0.8445530305017335
    Attrib PPLEZIER=5    -0.4213486715301588
    Attrib PPLEZIER=6    2.6864265973269976
    Attrib PPLEZIER=7    0.0428653267392579
    Attrib PPLEZIER=8    0.04224013429867461
    Attrib PPLEZIER=9    0.01053302122573363
Sigmoid Node 19
    Inputs    Weights
    Threshold    -0.4276982282897559
    Attrib PPERSAUT=0    -0.21830715978736992
    Attrib PPERSAUT=1    0.03978392068390095
    Attrib PPERSAUT=2    -0.014871098046413102
    Attrib PPERSAUT=3    0.021615987656808458
    Attrib PPERSAUT=4    0.3909709417409901
    Attrib PPERSAUT=5    -0.6037993644434861
    Attrib PPERSAUT=6    1.4855729992606075
    Attrib PPERSAUT=7    0.23487184873593528
    Attrib PPERSAUT=8    0.39688260937702774
    Attrib PPERSAUT=9    -0.01585056311353799
    Attrib PVRAAUT=0    -0.11926194717382506
    Attrib PVRAAUT=1    -0.011984669337753842
    Attrib PVRAAUT=2    0.0249728894980034
    Attrib PVRAAUT=3    0.03047366874966305
    Attrib PVRAAUT=4    0.40475273215093177
    Attrib PVRAAUT=5    0.01543880230159371
    Attrib PVRAAUT=6    0.17497642368033506
    Attrib PVRAAUT=7    0.03472310844555007
    Attrib PVRAAUT=8    0.009558414870767598
    Attrib PVRAAUT=9    0.47403938466531637
    Attrib PBRAND=0    -1.0663611863727032
    Attrib PBRAND=1    0.262959654261315
    Attrib PBRAND=2    0.7179436696952372
    Attrib PBRAND=3    0.5233701510946569
    Attrib PBRAND=4    1.1700046654152063
    Attrib PBRAND=5    0.014857732605788024
    Attrib PBRAND=6    0.5962577077212067
    Attrib PBRAND=7    0.2939536668611226
    Attrib PBRAND=8    0.41376937612926945
    Attrib PBRAND=9    -0.04930096937408477
    Attrib PPLEZIER=0    0.0027138026764110972
    Attrib PPLEZIER=1    0.41602684910625753
    Attrib PPLEZIER=2    0.410823357372759
    Attrib PPLEZIER=3    0.4744154613617943
    Attrib PPLEZIER=4    -0.10458818905698375
    Attrib PPLEZIER=5    0.40002612917284663
    Attrib PPLEZIER=6    0.48172146573915603
    Attrib PPLEZIER=7    0.006582919993041281
    Attrib PPLEZIER=8    0.018591412513910804
    Attrib PPLEZIER=9    -0.02978929790693513
Sigmoid Node 20
    Inputs    Weights
    Threshold    -0.49827303067115314
    Attrib PPERSAUT=0    -0.643965404833488
    Attrib PPERSAUT=1    -0.02977841395847928
    Attrib PPERSAUT=2    -8.153764866064769E-4
    Attrib PPERSAUT=3    -0.02696434441673237
    Attrib PPERSAUT=4    0.5925970657678015
    Attrib PPERSAUT=5    1.3599892838332677
    Attrib PPERSAUT=6    -1.6185474387231895
    Attrib PPERSAUT=7    1.66968841386732
    Attrib PPERSAUT=8    0.5854541443837172
    Attrib PPERSAUT=9    -0.011424647367892823
    Attrib PVRAAUT=0    -1.0074008838262127
    Attrib PVRAAUT=1    -0.03054235769802456
    Attrib PVRAAUT=2    -0.01258060946902747
    Attrib PVRAAUT=3    -0.015900450573879392
    Attrib PVRAAUT=4    0.6742456035708816
    Attrib PVRAAUT=5    -0.005988885066677975
    Attrib PVRAAUT=6    0.7719091180889265
    Attrib PVRAAUT=7    0.02631393576921913
    Attrib PVRAAUT=8    0.031661509237079596
    Attrib PVRAAUT=9    0.49821784442215594
    Attrib PBRAND=0    -0.308363079196933
    Attrib PBRAND=1    2.4735692123798607
    Attrib PBRAND=2    0.7931705133601423
    Attrib PBRAND=3    -1.2513813245620642
    Attrib PBRAND=4    -2.877050187483437
    Attrib PBRAND=5    1.3733851437949596
    Attrib PBRAND=6    1.7350690741792683
    Attrib PBRAND=7    0.8605317615669988
    Attrib PBRAND=8    0.5873549980573969
    Attrib PBRAND=9    0.025866683509814914
    Attrib PPLEZIER=0    -0.04651919524488087
    Attrib PPLEZIER=1    0.32141910658368766
    Attrib PPLEZIER=2    0.5008611811743334
    Attrib PPLEZIER=3    0.03473984185596716
    Attrib PPLEZIER=4    0.5809231765334778
    Attrib PPLEZIER=5    0.5772118636522114
    Attrib PPLEZIER=6    0.3921177230560284
    Attrib PPLEZIER=7    0.04620800523763362
    Attrib PPLEZIER=8    -0.03218629047017581
    Attrib PPLEZIER=9    -0.049514118723957334
Sigmoid Node 21
    Inputs    Weights
    Threshold    -0.4513051056148214
    Attrib PPERSAUT=0    -0.22943722824167664
    Attrib PPERSAUT=1    0.01092935625327588
    Attrib PPERSAUT=2    0.01660282193065972
    Attrib PPERSAUT=3    -0.028810824119998912
    Attrib PPERSAUT=4    0.41560000219319115
    Attrib PPERSAUT=5    -0.570998821849872
    Attrib PPERSAUT=6    1.5192610812000402
    Attrib PPERSAUT=7    0.2092065919832847
    Attrib PPERSAUT=8    0.3794862263816646
    Attrib PPERSAUT=9    -0.013061393196392615
    Attrib PVRAAUT=0    -0.11199626651297158
    Attrib PVRAAUT=1    -0.04654032672321973
    Attrib PVRAAUT=2    0.02991837924091363
    Attrib PVRAAUT=3    0.036291507553931374
    Attrib PVRAAUT=4    0.3524069002414141
    Attrib PVRAAUT=5    -0.02182738185572175
    Attrib PVRAAUT=6    0.1323572669285766
    Attrib PVRAAUT=7    -0.030704966454374684
    Attrib PVRAAUT=8    -0.01858320774878578
    Attrib PVRAAUT=9    0.433633622185992
    Attrib PBRAND=0    -0.8774761713103822
    Attrib PBRAND=1    0.18567581739506298
    Attrib PBRAND=2    0.7224865100040083
    Attrib PBRAND=3    0.4057693098500758
    Attrib PBRAND=4    1.2983871468510229
    Attrib PBRAND=5    0.20777937770051508
    Attrib PBRAND=6    0.375049792014322
    Attrib PBRAND=7    0.25154987903377507
    Attrib PBRAND=8    0.44013026175988434
    Attrib PBRAND=9    0.025449266859590813
    Attrib PPLEZIER=0    -0.12845784837500632
    Attrib PPLEZIER=1    0.4937367098975314
    Attrib PPLEZIER=2    0.3790338164768808
    Attrib PPLEZIER=3    0.5835439789979482
    Attrib PPLEZIER=4    -0.13044232525797306
    Attrib PPLEZIER=5    0.3894596251343099
    Attrib PPLEZIER=6    0.5616566403117278
    Attrib PPLEZIER=7    0.019919736456985915
    Attrib PPLEZIER=8    -0.04653192252798203
    Attrib PPLEZIER=9    0.0027234652008228943
Sigmoid Node 22
    Inputs    Weights
    Threshold    -0.35930723258814085
    Attrib PPERSAUT=0    -3.302260008049233
    Attrib PPERSAUT=1    0.02773974638199654
    Attrib PPERSAUT=2    -0.037146254866482924
    Attrib PPERSAUT=3    0.008880873613402104
    Attrib PPERSAUT=4    0.30237911753857033
    Attrib PPERSAUT=5    -0.2885152793540594
    Attrib PPERSAUT=6    5.997358700476552
    Attrib PPERSAUT=7    -1.683278740358706
    Attrib PPERSAUT=8    0.34217867219913695
    Attrib PPERSAUT=9    -0.0029253537206910957
    Attrib PVRAAUT=0    1.3626213678246428
    Attrib PVRAAUT=1    -0.007921420041879013
    Attrib PVRAAUT=2    0.004432952046522075
    Attrib PVRAAUT=3    0.023421833389125596
    Attrib PVRAAUT=4    -0.9310690107297241
    Attrib PVRAAUT=5    0.03210537390600647
    Attrib PVRAAUT=6    -0.06751917733852728
    Attrib PVRAAUT=7    -0.02878890065891715
    Attrib PVRAAUT=8    0.019306762668749533
    Attrib PVRAAUT=9    0.30776005622568187
    Attrib PBRAND=0    -4.6703995825625135
    Attrib PBRAND=1    -0.757542041191749
    Attrib PBRAND=2    -3.689493757567416
    Attrib PBRAND=3    3.8070332648904737
    Attrib PBRAND=4    8.328515269537528
    Attrib PBRAND=5    4.1038704511527575
    Attrib PBRAND=6    -4.073817934636478
    Attrib PBRAND=7    -0.949319894136337
    Attrib PBRAND=8    0.3433775785837216
    Attrib PBRAND=9    -0.0038239879976722374
    Attrib PPLEZIER=0    -4.708120544610432
    Attrib PPLEZIER=1    1.5969094522845095
    Attrib PPLEZIER=2    2.0052256041281296
    Attrib PPLEZIER=3    -0.10645922058552129
    Attrib PPLEZIER=4    1.4840340012124895
    Attrib PPLEZIER=5    0.36519154941337423
    Attrib PPLEZIER=6    1.0854066916100749
    Attrib PPLEZIER=7    0.0037836721092717046
    Attrib PPLEZIER=8    -0.04210989709571644
    Attrib PPLEZIER=9    -0.027089278983961542
Class 0
    Input
    Node 0
Class 1
    Input
    Node 1


Logistic Regression with ridge parameter of 1.0E-8
Coefficients...
                               Class
Variable                           0
====================================
PPERSAUT=0                    0.3472
PPERSAUT=1                         0
PPERSAUT=2                         0
PPERSAUT=3                         0
PPERSAUT=4                   89.2177
PPERSAUT=5                    0.5817
PPERSAUT=6                   -1.0625
PPERSAUT=7                   33.0258
PPERSAUT=8                     40.79
PPERSAUT=9                         0
PVRAAUT=0                  -174.5514
PVRAAUT=1                          0
PVRAAUT=2                          0
PVRAAUT=3                          0
PVRAAUT=4                   -71.2756
PVRAAUT=5                          0
PVRAAUT=6                    261.003
PVRAAUT=7                          0
PVRAAUT=8                          0
PVRAAUT=9                  -184.9283
PBRAND=0                      0.2017
PBRAND=1                       1.093
PBRAND=2                      1.4591
PBRAND=3                     -0.3364
PBRAND=4                     -0.7263
PBRAND=5                      0.2295
PBRAND=6                       1.527
PBRAND=7                     16.4985
PBRAND=8                    152.6148
PBRAND=9                           0
PPLEZIER=0                   -0.5641
PPLEZIER=1                   -4.2929
PPLEZIER=2                   -2.3474
PPLEZIER=3                   -3.5046
PPLEZIER=4                   -2.8993
PPLEZIER=5                  439.9393
PPLEZIER=6                   -3.8195
PPLEZIER=7                         0
PPLEZIER=8                         0
PPLEZIER=9                         0
Intercept                   175.6619


Odds Ratios...
                               Class
Variable                           0
====================================
PPERSAUT=0                    1.4151
PPERSAUT=1                         1
PPERSAUT=2                         1
PPERSAUT=3                         1
PPERSAUT=4     5.5812906465475144E38
PPERSAUT=5                    1.7891
PPERSAUT=6                    0.3456
PPERSAUT=7     2.2025655004787578E14
PPERSAUT=8     5.1866327957391514E17
PPERSAUT=9                         1
PVRAAUT=0                          0
PVRAAUT=1                          1
PVRAAUT=2                          1
PVRAAUT=3                          1
PVRAAUT=4                          0
PVRAAUT=5                          1
PVRAAUT=6      2.249872805658143E113
PVRAAUT=7                          1
PVRAAUT=8                          1
PVRAAUT=9                          0
PBRAND=0                      1.2235
PBRAND=1                      2.9831
PBRAND=2                       4.302
PBRAND=3                      0.7143
PBRAND=4                      0.4837
PBRAND=5                      1.2579
PBRAND=6                      4.6042
PBRAND=7               14628626.2123
PBRAND=8        1.904479180100804E66
PBRAND=9                           1
PPLEZIER=0                    0.5689
PPLEZIER=1                    0.0137
PPLEZIER=2                    0.0956
PPLEZIER=3                    0.0301
PPLEZIER=4                    0.0551
PPLEZIER=5    1.1566678315693237E191
PPLEZIER=6                    0.0219
PPLEZIER=7                         1
PPLEZIER=8                         1
PPLEZIER=9                         1




Meta classifier

Sigmoid Node 0
    Inputs    Weights
    Threshold    0.4440648656961238
    Node 2    -3.38814263460165
    Node 3    3.6142267111283184
    Node 4    -0.2294082153258922
    Node 5    -1.6521205037054447
    Node 6    0.8232225231637929
Sigmoid Node 1
    Inputs    Weights
    Threshold    -0.44406399603068164
    Node 2    3.388334137822667
    Node 3    -3.614231764504156
    Node 4    0.22610056974987136
    Node 5    1.6521303881194946
    Node 6    -0.8232224405197575
Sigmoid Node 2
    Inputs    Weights
    Threshold    -10.991618626615827
    Attrib weka.classifiers.bayes.NaiveBayes-1:0    1.4756197200038261
    Attrib weka.classifiers.bayes.NaiveBayes-1:1    -1.4835417077090252
    Attrib weka.classifiers.functions.LibSVM-2:0    3.084064438909039
    Attrib weka.classifiers.functions.LibSVM-2:1    -3.1365272014099808
    Attrib weka.classifiers.functions.MultilayerPerceptron-3:0    -7.089361634849641
    Attrib weka.classifiers.functions.MultilayerPerceptron-3:1    7.161980083687591
    Attrib weka.classifiers.functions.Logistic-4:0    -4.554396915480202
    Attrib weka.classifiers.functions.Logistic-4:1    4.46418852680395
Sigmoid Node 3
    Inputs    Weights
    Threshold    -14.065260000794698
    Attrib weka.classifiers.bayes.NaiveBayes-1:0    -0.6126120099833117
    Attrib weka.classifiers.bayes.NaiveBayes-1:1    0.6341053255588815
    Attrib weka.classifiers.functions.LibSVM-2:0    0.24662601437263898
    Attrib weka.classifiers.functions.LibSVM-2:1    -0.24460818059542871
    Attrib weka.classifiers.functions.MultilayerPerceptron-3:0    8.691941200117817
    Attrib weka.classifiers.functions.MultilayerPerceptron-3:1    -8.643673055445428
    Attrib weka.classifiers.functions.Logistic-4:0    -0.12296351280268755
    Attrib weka.classifiers.functions.Logistic-4:1    0.061965384124061405
Sigmoid Node 4
    Inputs    Weights
    Threshold    -7.459872495771472
    Attrib weka.classifiers.bayes.NaiveBayes-1:0    0.2903929268930251
    Attrib weka.classifiers.bayes.NaiveBayes-1:1    -0.30038084441729956
    Attrib weka.classifiers.functions.LibSVM-2:0    0.8737716115651688
    Attrib weka.classifiers.functions.LibSVM-2:1    -0.9168529100142007
    Attrib weka.classifiers.functions.MultilayerPerceptron-3:0    -2.2614414555343934
    Attrib weka.classifiers.functions.MultilayerPerceptron-3:1    2.280719381658239
    Attrib weka.classifiers.functions.Logistic-4:0    -1.4587743131602384
    Attrib weka.classifiers.functions.Logistic-4:1    1.396263196215575
Sigmoid Node 5
    Inputs    Weights
    Threshold    -5.6252954309811285
    Attrib weka.classifiers.bayes.NaiveBayes-1:0    -12.15009305414236
    Attrib weka.classifiers.bayes.NaiveBayes-1:1    12.219765732598011
    Attrib weka.classifiers.functions.LibSVM-2:0    -0.4700869680363568
    Attrib weka.classifiers.functions.LibSVM-2:1    0.48058176078478215
    Attrib weka.classifiers.functions.MultilayerPerceptron-3:0    1.5021834587982936
    Attrib weka.classifiers.functions.MultilayerPerceptron-3:1    -1.4777398484945297
    Attrib weka.classifiers.functions.Logistic-4:0    3.969698473737512
    Attrib weka.classifiers.functions.Logistic-4:1    -3.950562354121628
Sigmoid Node 6
    Inputs    Weights
    Threshold    -4.149202073960278
    Attrib weka.classifiers.bayes.NaiveBayes-1:0    1.5352429841918014
    Attrib weka.classifiers.bayes.NaiveBayes-1:1    -1.5427673438011917
    Attrib weka.classifiers.functions.LibSVM-2:0    1.326169186925808
    Attrib weka.classifiers.functions.LibSVM-2:1    -1.3475688630466884
    Attrib weka.classifiers.functions.MultilayerPerceptron-3:0    3.359103013382028
    Attrib weka.classifiers.functions.MultilayerPerceptron-3:1    -3.314429407934717
    Attrib weka.classifiers.functions.Logistic-4:0    -1.056580737262337
    Attrib weka.classifiers.functions.Logistic-4:1    1.0567445851760129
Class 0
    Input
    Node 0
Class 1
    Input
    Node 1


Time taken to build model: 1019.18 seconds

=== Evaluation on test set ===

Time taken to test model on supplied test set: 1.95 seconds

=== Summary ===

Correctly Classified Instances        3208               80.2    %
Incorrectly Classified Instances       792               19.8    %
Kappa statistic                          0.1423
Mean absolute error                      0.3368
Root mean squared error                  0.4117
Relative absolute error                 66.8662 %
Root relative squared error             81.7284 %
Coverage of cases (0.95 level)          99.725  %
Mean rel. region size (0.95 level)      94.5125 %
Total Number of Instances             4000     

=== Detailed Accuracy By Class ===

                 TP Rate  FP Rate  Precision  Recall   F-Measure  MCC      ROC Area  PRC Area  Class
                 0.823    0.529    0.961      0.823    0.887      0.175    0.691     0.965     0
                 0.471    0.177    0.144      0.471    0.220      0.175    0.691     0.123     1
Weighted Avg.    0.802    0.508    0.912      0.802    0.847      0.175    0.691     0.915     

=== Confusion Matrix ===

    a    b   <-- classified as
 3096  666 |    a = 0
  126  112 |    b = 1

