=== Run information ===

Scheme:       weka.classifiers.bayes.NaiveBayes 
Relation:     ?????4attr
Instances:    11042
Attributes:   5
              PPERSAUT
              PVRAAUT
              PBRAND
              PPLEZIER
              CARAVAN
Test mode:    user supplied test set:  size unknown (reading incrementally)

=== Classifier model (full training set) ===

Naive Bayes Classifier

                Class
Attribute           0      1
                (0.5)  (0.5)
=============================
PPERSAUT
  0             2774.0 1153.0
  1                1.0    1.0
  2                1.0    1.0
  3                1.0    1.0
  4                2.0    1.0
  5              600.0  225.0
  6             2058.0 4193.0
  7               42.0    1.0
  8                4.0    1.0
  9                1.0    1.0
  [total]       5484.0 5578.0

PVRAAUT
  0             5466.0 5569.0
  1                1.0    1.0
  2                1.0    1.0
  3                1.0    1.0
  4                2.0    1.0
  5                1.0    1.0
  6                8.0    1.0
  7                1.0    1.0
  8                1.0    1.0
  9                2.0    1.0
  [total]       5484.0 5578.0

PBRAND
  0             2558.0 1745.0
  1              159.0   49.0
  2              530.0   97.0
  3              853.0 1089.0
  4             1076.0 2417.0
  5              142.0  129.0
  6              153.0   49.0
  7               10.0    1.0
  8                2.0    1.0
  9                1.0    1.0
  [total]       5484.0 5578.0

PPLEZIER
  0             5455.0 5361.0
  1                3.0   49.0
  2                4.0   33.0
  3                4.0   33.0
  4               10.0   65.0
  5                3.0    1.0
  6                2.0   33.0
  7                1.0    1.0
  8                1.0    1.0
  9                1.0    1.0
  [total]       5484.0 5578.0



Time taken to build model: 0.06 seconds

=== Evaluation on test set ===

Time taken to test model on supplied test set: 0.1 seconds

=== Summary ===

Correctly Classified Instances        2646               66.15   %
Incorrectly Classified Instances      1354               33.85   %
Kappa statistic                          0.0864
Mean absolute error                      0.3989
Root mean squared error                  0.4603
Relative absolute error                 79.1794 %
Root relative squared error             91.3782 %
Coverage of cases (0.95 level)          99.9    %
Mean rel. region size (0.95 level)      99.625  %
Total Number of Instances             4000     

=== Detailed Accuracy By Class ===

                 TP Rate  FP Rate  Precision  Recall   F-Measure  MCC      ROC Area  PRC Area  Class
                 0.664    0.378    0.965      0.664    0.787      0.141    0.696     0.967     0
                 0.622    0.336    0.105      0.622    0.179      0.141    0.696     0.122     1
Weighted Avg.    0.662    0.376    0.914      0.662    0.751      0.141    0.696     0.916     

=== Confusion Matrix ===

    a    b   <-- classified as
 2498 1264 |    a = 0
   90  148 |    b = 1

