=== Run information ===

Scheme:       weka.classifiers.functions.MultilayerPerceptron -L 0.3 -M 0.2 -N 500 -V 0 -S 0 -E 20 -H a
Relation:     ?????4attr
Instances:    11042
Attributes:   5
              PPERSAUT
              PVRAAUT
              PBRAND
              PPLEZIER
              CARAVAN
Test mode:    user supplied test set:  size unknown (reading incrementally)

=== Classifier model (full training set) ===

Sigmoid Node 0
    Inputs    Weights
    Threshold    -0.34522697593134166
    Node 2    -0.8454264462295935
    Node 3    -2.9157650698105546
    Node 4    3.3454076178953134
    Node 5    0.3522188714136331
    Node 6    1.9982879928704054
    Node 7    0.3490147397570039
    Node 8    -2.5968395559766995
    Node 9    0.9419744314078479
    Node 10    -0.8272893557403445
    Node 11    3.27806258674033
    Node 12    -0.7935127874412419
    Node 13    1.813777239848731
    Node 14    3.6861159966121817
    Node 15    1.100738478687922
    Node 16    -0.5832088192817051
    Node 17    0.30501642194782724
    Node 18    -2.596095669625328
    Node 19    4.5546636961944555
    Node 20    1.7304206844852543
    Node 21    -0.7738879713759546
    Node 22    -0.7033431719099439
Sigmoid Node 1
    Inputs    Weights
    Threshold    0.3451669558160978
    Node 2    0.8919652906694082
    Node 3    2.9288397768502827
    Node 4    -3.3664409607876284
    Node 5    -0.34792925239205147
    Node 6    -1.9527421730128585
    Node 7    -0.3565442304423105
    Node 8    2.5999036030119114
    Node 9    -0.9418958750219366
    Node 10    0.7942174212090197
    Node 11    -3.2744651297277922
    Node 12    0.7795742604712714
    Node 13    -1.867412936411223
    Node 14    -3.6844420471810317
    Node 15    -1.0759971927355747
    Node 16    0.5830997291384084
    Node 17    -0.3047621088227641
    Node 18    2.560245193039747
    Node 19    -4.5511577633074465
    Node 20    -1.730330021392182
    Node 21    0.7845456162872058
    Node 22    0.7033628196661162
Sigmoid Node 2
    Inputs    Weights
    Threshold    -0.3138688662517618
    Attrib PPERSAUT=0    -1.094040573297197
    Attrib PPERSAUT=1    -0.04058891037742757
    Attrib PPERSAUT=2    -0.015254372223598316
    Attrib PPERSAUT=3    0.046562347090646036
    Attrib PPERSAUT=4    0.26341116220710636
    Attrib PPERSAUT=5    0.6914367929971125
    Attrib PPERSAUT=6    1.36891884028127
    Attrib PPERSAUT=7    -0.004669125851879367
    Attrib PPERSAUT=8    -0.08108242429798988
    Attrib PPERSAUT=9    0.04855824176563063
    Attrib PVRAAUT=0    0.20768953087006958
    Attrib PVRAAUT=1    -0.025598664065267264
    Attrib PVRAAUT=2    -0.04221557616131416
    Attrib PVRAAUT=3    -0.035157958348986586
    Attrib PVRAAUT=4    0.2643674758720874
    Attrib PVRAAUT=5    0.010719683275426536
    Attrib PVRAAUT=6    -0.16988635019042775
    Attrib PVRAAUT=7    0.022705465496515254
    Attrib PVRAAUT=8    -0.03502051801244758
    Attrib PVRAAUT=9    0.30859504207426713
    Attrib PBRAND=0    1.5063701388440225
    Attrib PBRAND=1    0.781370808448806
    Attrib PBRAND=2    -0.47831243866158546
    Attrib PBRAND=3    -1.1493446651674166
    Attrib PBRAND=4    1.2962571165764298
    Attrib PBRAND=5    -0.2625845780201025
    Attrib PBRAND=6    0.27998493049934187
    Attrib PBRAND=7    0.0738119030770132
    Attrib PBRAND=8    0.30928838512013723
    Attrib PBRAND=9    0.027089776748112054
    Attrib PPLEZIER=0    -1.7242653388443545
    Attrib PPLEZIER=1    0.9197289445007999
    Attrib PPLEZIER=2    0.5281677352351605
    Attrib PPLEZIER=3    1.306910285004517
    Attrib PPLEZIER=4    -0.5872320402124488
    Attrib PPLEZIER=5    0.07384783738657004
    Attrib PPLEZIER=6    1.063396950712737
    Attrib PPLEZIER=7    -0.029470783636939713
    Attrib PPLEZIER=8    0.0042730378378266765
    Attrib PPLEZIER=9    -0.03408638101725507
Sigmoid Node 3
    Inputs    Weights
    Threshold    -0.20164580976990903
    Attrib PPERSAUT=0    -1.2858772232545537
    Attrib PPERSAUT=1    0.01930867323803137
    Attrib PPERSAUT=2    -0.02523048346521938
    Attrib PPERSAUT=3    0.0068218980079745445
    Attrib PPERSAUT=4    0.174121141211262
    Attrib PPERSAUT=5    1.4045322280086845
    Attrib PPERSAUT=6    1.2005948298153217
    Attrib PPERSAUT=7    -0.1842046290162403
    Attrib PPERSAUT=8    -0.5221861588048186
    Attrib PPERSAUT=9    0.03656985785204778
    Attrib PVRAAUT=0    0.30095571146648004
    Attrib PVRAAUT=1    -0.014645238730991321
    Attrib PVRAAUT=2    -0.012955751216971956
    Attrib PVRAAUT=3    -0.014509566887179526
    Attrib PVRAAUT=4    0.164957358873011
    Attrib PVRAAUT=5    -0.005630457843533762
    Attrib PVRAAUT=6    -0.21827993595552464
    Attrib PVRAAUT=7    0.0017017901854496226
    Attrib PVRAAUT=8    0.0433583091316949
    Attrib PVRAAUT=9    0.25523506180545186
    Attrib PBRAND=0    1.6903252091719523
    Attrib PBRAND=1    1.0484727009584325
    Attrib PBRAND=2    -0.42689201661158266
    Attrib PBRAND=3    -1.6681829033785187
    Attrib PBRAND=4    1.7070453857477408
    Attrib PBRAND=5    -2.005178821736324
    Attrib PBRAND=6    0.9416047053910392
    Attrib PBRAND=7    -0.038355549469636686
    Attrib PBRAND=8    0.16326498629925712
    Attrib PBRAND=9    0.034848362716348086
    Attrib PPLEZIER=0    -3.8357266268945915
    Attrib PPLEZIER=1    0.4160629534955086
    Attrib PPLEZIER=2    0.534597057860196
    Attrib PPLEZIER=3    2.2911348369129936
    Attrib PPLEZIER=4    -0.9500349355149834
    Attrib PPLEZIER=5    -0.48802685466042184
    Attrib PPLEZIER=6    2.9965088534074154
    Attrib PPLEZIER=7    -0.008999467642010907
    Attrib PPLEZIER=8    1.4065003647649454E-4
    Attrib PPLEZIER=9    -0.036644188017443846
Sigmoid Node 4
    Inputs    Weights
    Threshold    0.11888252720261244
    Attrib PPERSAUT=0    2.6684305901602725
    Attrib PPERSAUT=1    -0.02017556498065991
    Attrib PPERSAUT=2    -0.040699014317710815
    Attrib PPERSAUT=3    0.040256599249724745
    Attrib PPERSAUT=4    -0.12074872429565031
    Attrib PPERSAUT=5    -0.974660398442888
    Attrib PPERSAUT=6    -3.1309361176652133
    Attrib PPERSAUT=7    0.9476898359017033
    Attrib PPERSAUT=8    0.12435545687355423
    Attrib PPERSAUT=9    -0.022940858183274095
    Attrib PVRAAUT=0    -1.8875754958762025
    Attrib PVRAAUT=1    -0.01574110088632391
    Attrib PVRAAUT=2    -0.043398994360097046
    Attrib PVRAAUT=3    0.027333068032260988
    Attrib PVRAAUT=4    0.8178863355275198
    Attrib PVRAAUT=5    -0.021389385727389944
    Attrib PVRAAUT=6    0.9199507251174023
    Attrib PVRAAUT=7    -0.00822595824604401
    Attrib PVRAAUT=8    -0.0012421315585341014
    Attrib PVRAAUT=9    -0.10821566526063849
    Attrib PBRAND=0    -4.247804515955496
    Attrib PBRAND=1    0.21335608440190146
    Attrib PBRAND=2    3.161780810980153
    Attrib PBRAND=3    -4.099935590763098
    Attrib PBRAND=4    -2.9026239900326516
    Attrib PBRAND=5    2.9894286937083834
    Attrib PBRAND=6    3.4051786943022218
    Attrib PBRAND=7    0.44448287062367353
    Attrib PBRAND=8    0.1475368571457781
    Attrib PBRAND=9    0.03318592382228229
    Attrib PPLEZIER=0    -1.4871684488202312
    Attrib PPLEZIER=1    -1.0905955830415686
    Attrib PPLEZIER=2    0.5212943680933193
    Attrib PPLEZIER=3    0.22877647188960484
    Attrib PPLEZIER=4    0.7508378782242402
    Attrib PPLEZIER=5    1.4724304473835745
    Attrib PPLEZIER=6    -0.9643391108851566
    Attrib PPLEZIER=7    -0.028617045178432523
    Attrib PPLEZIER=8    0.038927314437022034
    Attrib PPLEZIER=9    0.003149208923338219
Sigmoid Node 5
    Inputs    Weights
    Threshold    -0.0807750808314083
    Attrib PPERSAUT=0    0.9070362275505036
    Attrib PPERSAUT=1    -0.032221196457270396
    Attrib PPERSAUT=2    -0.02745249877974848
    Attrib PPERSAUT=3    -0.04398526721305948
    Attrib PPERSAUT=4    0.0635421738159802
    Attrib PPERSAUT=5    -1.645562316774749
    Attrib PPERSAUT=6    -0.9108574282039817
    Attrib PPERSAUT=7    1.4177191952460133
    Attrib PPERSAUT=8    0.3460393739563103
    Attrib PPERSAUT=9    0.03280209661510819
    Attrib PVRAAUT=0    -1.2794946165136265
    Attrib PVRAAUT=1    -0.04431585901121873
    Attrib PVRAAUT=2    -0.04015366289752153
    Attrib PVRAAUT=3    -0.029887661091594766
    Attrib PVRAAUT=4    0.24901624231132527
    Attrib PVRAAUT=5    -0.031837984879899396
    Attrib PVRAAUT=6    0.9583702388457523
    Attrib PVRAAUT=7    0.04329150223999942
    Attrib PVRAAUT=8    0.003182173616697058
    Attrib PVRAAUT=9    0.012270887073227566
    Attrib PBRAND=0    -2.3180903878472963
    Attrib PBRAND=1    -0.39273991411082787
    Attrib PBRAND=2    1.5110197497267666
    Attrib PBRAND=3    -1.9886760443053746
    Attrib PBRAND=4    -0.6630344333136616
    Attrib PBRAND=5    0.635278546765492
    Attrib PBRAND=6    2.1845197224581407
    Attrib PBRAND=7    1.1251429756135822
    Attrib PBRAND=8    0.13764237288965533
    Attrib PBRAND=9    -0.004587355118802872
    Attrib PPLEZIER=0    0.10232098105132886
    Attrib PPLEZIER=1    -0.3392464758807576
    Attrib PPLEZIER=2    0.08085222642051093
    Attrib PPLEZIER=3    -0.042994855953605034
    Attrib PPLEZIER=4    0.4910111364551587
    Attrib PPLEZIER=5    0.17496800995191217
    Attrib PPLEZIER=6    -0.13189197396030408
    Attrib PPLEZIER=7    -0.026827381369107974
    Attrib PPLEZIER=8    9.633488330150555E-4
    Attrib PPLEZIER=9    0.014345577141042024
Sigmoid Node 6
    Inputs    Weights
    Threshold    0.1729673539890579
    Attrib PPERSAUT=0    1.2023177552098645
    Attrib PPERSAUT=1    -0.010859656525320671
    Attrib PPERSAUT=2    -0.020046238257580697
    Attrib PPERSAUT=3    0.007394398394833704
    Attrib PPERSAUT=4    -0.15313875634967736
    Attrib PPERSAUT=5    -1.6345655336278542
    Attrib PPERSAUT=6    -0.3214625380102006
    Attrib PPERSAUT=7    0.11145705454329065
    Attrib PPERSAUT=8    0.12437508586341156
    Attrib PPERSAUT=9    0.019112342202668248
    Attrib PVRAAUT=0    -0.3873838583237647
    Attrib PVRAAUT=1    0.03775235667800511
    Attrib PVRAAUT=2    -0.019049599723266565
    Attrib PVRAAUT=3    -0.03650497827972582
    Attrib PVRAAUT=4    -0.07921958460506485
    Attrib PVRAAUT=5    0.04389548753559051
    Attrib PVRAAUT=6    0.2427178370879398
    Attrib PVRAAUT=7    0.024701109700640614
    Attrib PVRAAUT=8    0.045934903170722366
    Attrib PVRAAUT=9    -0.18424628208575436
    Attrib PBRAND=0    -2.5991691270520354
    Attrib PBRAND=1    -0.7487046269543233
    Attrib PBRAND=2    1.2108635532499614
    Attrib PBRAND=3    -1.5317099943155796
    Attrib PBRAND=4    -0.6061783004709462
    Attrib PBRAND=5    0.9442353265088284
    Attrib PBRAND=6    1.4648630475748858
    Attrib PBRAND=7    0.7911865435477702
    Attrib PBRAND=8    -0.16492889810111008
    Attrib PBRAND=9    -0.03422586183701232
    Attrib PPLEZIER=0    -4.1105321278218145
    Attrib PPLEZIER=1    1.449036517037799
    Attrib PPLEZIER=2    1.4014649744347814
    Attrib PPLEZIER=3    -0.4262268126145033
    Attrib PPLEZIER=4    0.5724176635261474
    Attrib PPLEZIER=5    0.3278288097848406
    Attrib PPLEZIER=6    -0.07531307942280015
    Attrib PPLEZIER=7    0.03706017361662191
    Attrib PPLEZIER=8    0.04185598441577636
    Attrib PPLEZIER=9    -0.038710434381128804
Sigmoid Node 7
    Inputs    Weights
    Threshold    -0.03583493876637558
    Attrib PPERSAUT=0    1.1775441439148413
    Attrib PPERSAUT=1    0.024826633508279766
    Attrib PPERSAUT=2    0.044766015826614755
    Attrib PPERSAUT=3    0.007840609509938902
    Attrib PPERSAUT=4    0.08972034079448504
    Attrib PPERSAUT=5    -1.328453746661348
    Attrib PPERSAUT=6    -0.6025566472231736
    Attrib PPERSAUT=7    0.7630635971144202
    Attrib PPERSAUT=8    0.13267974264850094
    Attrib PPERSAUT=9    0.04335479535413604
    Attrib PVRAAUT=0    -1.7091172501865557
    Attrib PVRAAUT=1    -0.026243501402922777
    Attrib PVRAAUT=2    -0.03476238278512535
    Attrib PVRAAUT=3    -0.017938595623584977
    Attrib PVRAAUT=4    0.2922140482939687
    Attrib PVRAAUT=5    -0.04494331427431473
    Attrib PVRAAUT=6    1.42366303845995
    Attrib PVRAAUT=7    0.04170097613319493
    Attrib PVRAAUT=8    0.03176117016121653
    Attrib PVRAAUT=9    0.014480225125450222
    Attrib PBRAND=0    -2.2669552303642253
    Attrib PBRAND=1    -0.5121774414272612
    Attrib PBRAND=2    1.4908837113803464
    Attrib PBRAND=3    -1.935689822246074
    Attrib PBRAND=4    -0.6419917550640446
    Attrib PBRAND=5    0.6382710475643466
    Attrib PBRAND=6    2.1464708143509994
    Attrib PBRAND=7    1.2735206748431882
    Attrib PBRAND=8    0.0859534973177229
    Attrib PBRAND=9    0.013624055671781404
    Attrib PPLEZIER=0    0.272462323044335
    Attrib PPLEZIER=1    -0.22356432680788926
    Attrib PPLEZIER=2    0.046966685250195664
    Attrib PPLEZIER=3    -0.058949709829458914
    Attrib PPLEZIER=4    0.18173557358356807
    Attrib PPLEZIER=5    0.15694921655873523
    Attrib PPLEZIER=6    -0.102694046419327
    Attrib PPLEZIER=7    -0.03747093574006406
    Attrib PPLEZIER=8    -0.04590306459406395
    Attrib PPLEZIER=9    0.005834190498684243
Sigmoid Node 8
    Inputs    Weights
    Threshold    -0.1577363396969405
    Attrib PPERSAUT=0    -1.2989493711374098
    Attrib PPERSAUT=1    0.009100274674009742
    Attrib PPERSAUT=2    0.013384638924415077
    Attrib PPERSAUT=3    0.01883741645423978
    Attrib PPERSAUT=4    0.1285367258983217
    Attrib PPERSAUT=5    1.4512968191595534
    Attrib PPERSAUT=6    1.2490622096496462
    Attrib PPERSAUT=7    -0.1951711417633182
    Attrib PPERSAUT=8    -0.6373848002689044
    Attrib PPERSAUT=9    0.0025436639306058995
    Attrib PVRAAUT=0    0.3041426162609423
    Attrib PVRAAUT=1    0.02741252605695292
    Attrib PVRAAUT=2    0.006818087961082853
    Attrib PVRAAUT=3    -0.044562508295516126
    Attrib PVRAAUT=4    0.10982853882157778
    Attrib PVRAAUT=5    -0.03722843113315293
    Attrib PVRAAUT=6    -0.23319568225158724
    Attrib PVRAAUT=7    0.02792507752392008
    Attrib PVRAAUT=8    0.038054341681313816
    Attrib PVRAAUT=9    0.21580163684459402
    Attrib PBRAND=0    1.5619459682514223
    Attrib PBRAND=1    0.9241434922188799
    Attrib PBRAND=2    -0.47139658066536666
    Attrib PBRAND=3    -1.6478364126018208
    Attrib PBRAND=4    1.5917185563204925
    Attrib PBRAND=5    -1.4715494361870278
    Attrib PBRAND=6    0.7995678679916792
    Attrib PBRAND=7    -0.0724990679910349
    Attrib PBRAND=8    0.13663991254598287
    Attrib PBRAND=9    0.036759355312102324
    Attrib PPLEZIER=0    -3.862215927998491
    Attrib PPLEZIER=1    0.34319063653867005
    Attrib PPLEZIER=2    0.41015797277977495
    Attrib PPLEZIER=3    2.485433861087549
    Attrib PPLEZIER=4    -0.8619243435802852
    Attrib PPLEZIER=5    -0.44784786256577536
    Attrib PPLEZIER=6    2.898257364975441
    Attrib PPLEZIER=7    -0.042335660521171416
    Attrib PPLEZIER=8    -0.045027299541612324
    Attrib PPLEZIER=9    0.0279579715102031
Sigmoid Node 9
    Inputs    Weights
    Threshold    -0.17280791671356732
    Attrib PPERSAUT=0    3.2600879054730836
    Attrib PPERSAUT=1    -0.02694060420740393
    Attrib PPERSAUT=2    0.026450394842621253
    Attrib PPERSAUT=3    0.045824311992150826
    Attrib PPERSAUT=4    0.43505947986410964
    Attrib PPERSAUT=5    0.6451110909104748
    Attrib PPERSAUT=6    -5.718166016815791
    Attrib PPERSAUT=7    1.5897459935222895
    Attrib PPERSAUT=8    0.6176080032952513
    Attrib PPERSAUT=9    -0.01583851190662873
    Attrib PVRAAUT=0    -2.4528747759944114
    Attrib PVRAAUT=1    -0.004659957898645997
    Attrib PVRAAUT=2    -0.010676982125853732
    Attrib PVRAAUT=3    -0.032146509293732896
    Attrib PVRAAUT=4    0.37171804595349023
    Attrib PVRAAUT=5    -0.044778622240076366
    Attrib PVRAAUT=6    2.2956488216458473
    Attrib PVRAAUT=7    -0.019210859731239482
    Attrib PVRAAUT=8    0.004198926199592765
    Attrib PVRAAUT=9    0.23362985803134928
    Attrib PBRAND=0    3.518371110957535
    Attrib PBRAND=1    -2.261433522216747
    Attrib PBRAND=2    1.8495671484769052
    Attrib PBRAND=3    0.017636538570626623
    Attrib PBRAND=4    -5.01601474211704
    Attrib PBRAND=5    1.697879813942459
    Attrib PBRAND=6    0.9659466016268882
    Attrib PBRAND=7    0.3459900294838434
    Attrib PBRAND=8    0.26096961736014396
    Attrib PBRAND=9    0.015107483680485256
    Attrib PPLEZIER=0    1.9532971639545729
    Attrib PPLEZIER=1    0.2302911633344222
    Attrib PPLEZIER=2    0.28802535809453755
    Attrib PPLEZIER=3    -2.8673591653201718
    Attrib PPLEZIER=4    0.8715441983632563
    Attrib PPLEZIER=5    0.5397325150639121
    Attrib PPLEZIER=6    -0.10048759577527068
    Attrib PPLEZIER=7    -0.008648505870265277
    Attrib PPLEZIER=8    0.0059468375476600666
    Attrib PPLEZIER=9    0.011809776222980739
Sigmoid Node 10
    Inputs    Weights
    Threshold    -0.3393704190620422
    Attrib PPERSAUT=0    -0.9152788671153925
    Attrib PPERSAUT=1    0.002914663242359561
    Attrib PPERSAUT=2    -0.03677362147206307
    Attrib PPERSAUT=3    0.00898173958652946
    Attrib PPERSAUT=4    0.29422016369930387
    Attrib PPERSAUT=5    0.2604406414998145
    Attrib PPERSAUT=6    1.6133000250031309
    Attrib PPERSAUT=7    0.05600068065790695
    Attrib PPERSAUT=8    0.09204149593669805
    Attrib PPERSAUT=9    0.023277894107865293
    Attrib PVRAAUT=0    0.19269445079918712
    Attrib PVRAAUT=1    0.008693854807238874
    Attrib PVRAAUT=2    0.03232494851623827
    Attrib PVRAAUT=3    0.043233661719396396
    Attrib PVRAAUT=4    0.32111599651537265
    Attrib PVRAAUT=5    0.0013038222108801567
    Attrib PVRAAUT=6    -0.126708458505432
    Attrib PVRAAUT=7    -0.04147798042374069
    Attrib PVRAAUT=8    0.035355517034124775
    Attrib PVRAAUT=9    0.3834920083003767
    Attrib PBRAND=0    1.5821439614747606
    Attrib PBRAND=1    0.6393984322713715
    Attrib PBRAND=2    -0.4299284043857416
    Attrib PBRAND=3    -1.0468505854945105
    Attrib PBRAND=4    1.3022682019806355
    Attrib PBRAND=5    -0.17151345516569633
    Attrib PBRAND=6    0.18337311591434283
    Attrib PBRAND=7    0.15976531543383898
    Attrib PBRAND=8    0.39001120749848156
    Attrib PBRAND=9    -0.014489120103898336
    Attrib PPLEZIER=0    -1.4920425043057695
    Attrib PPLEZIER=1    0.7286100444450766
    Attrib PPLEZIER=2    0.49307507522193245
    Attrib PPLEZIER=3    1.583779777315399
    Attrib PPLEZIER=4    -0.4841843397464232
    Attrib PPLEZIER=5    0.11254625941699864
    Attrib PPLEZIER=6    0.8342781297412334
    Attrib PPLEZIER=7    -0.017550679083218834
    Attrib PPLEZIER=8    0.025160719358889957
    Attrib PPLEZIER=9    -0.00863327106425342
Sigmoid Node 11
    Inputs    Weights
    Threshold    0.1609813666050531
    Attrib PPERSAUT=0    -0.33103223943133964
    Attrib PPERSAUT=1    -0.047425220939764284
    Attrib PPERSAUT=2    -0.03296987692406178
    Attrib PPERSAUT=3    -0.015309440298776955
    Attrib PPERSAUT=4    0.012529304502578867
    Attrib PPERSAUT=5    -1.551043633030872
    Attrib PPERSAUT=6    -4.071412905122205
    Attrib PPERSAUT=7    4.091538244542162
    Attrib PPERSAUT=8    1.4781113725461803
    Attrib PPERSAUT=9    -0.04382689219016172
    Attrib PVRAAUT=0    -0.7871662873675412
    Attrib PVRAAUT=1    0.025774987370678126
    Attrib PVRAAUT=2    0.03503630319432875
    Attrib PVRAAUT=3    0.008779055615986874
    Attrib PVRAAUT=4    0.3006633177771469
    Attrib PVRAAUT=5    0.028635516449346185
    Attrib PVRAAUT=6    0.28114174359577876
    Attrib PVRAAUT=7    0.003654891069950407
    Attrib PVRAAUT=8    0.0111017629760254
    Attrib PVRAAUT=9    -0.08877031293191305
    Attrib PBRAND=0    -2.6293441747858184
    Attrib PBRAND=1    -2.1404075795860136
    Attrib PBRAND=2    2.440194886524019
    Attrib PBRAND=3    -2.5930349304565916
    Attrib PBRAND=4    -1.5639950483394556
    Attrib PBRAND=5    2.373390192029952
    Attrib PBRAND=6    2.7134625951309466
    Attrib PBRAND=7    0.4636531382320916
    Attrib PBRAND=8    0.030628766216676345
    Attrib PBRAND=9    -0.002984994825867837
    Attrib PPLEZIER=0    -0.8909576236854168
    Attrib PPLEZIER=1    -0.9095585054444961
    Attrib PPLEZIER=2    0.3837287373738533
    Attrib PPLEZIER=3    0.17498305352698998
    Attrib PPLEZIER=4    -0.1796759363334005
    Attrib PPLEZIER=5    1.4878859340556936
    Attrib PPLEZIER=6    -0.5872675731047593
    Attrib PPLEZIER=7    -0.009689681592234198
    Attrib PPLEZIER=8    -0.03669711305588894
    Attrib PPLEZIER=9    0.0016690843471569988
Sigmoid Node 12
    Inputs    Weights
    Threshold    -0.4357531347250174
    Attrib PPERSAUT=0    -1.0991930226822237
    Attrib PPERSAUT=1    0.04427069167456764
    Attrib PPERSAUT=2    -0.015885084239670354
    Attrib PPERSAUT=3    0.03873732831321647
    Attrib PPERSAUT=4    0.4289056899592294
    Attrib PPERSAUT=5    0.6515400952391114
    Attrib PPERSAUT=6    1.348178163586499
    Attrib PPERSAUT=7    0.19159773007276118
    Attrib PPERSAUT=8    0.18516974671570732
    Attrib PPERSAUT=9    -6.464790796219672E-4
    Attrib PVRAAUT=0    0.14611937946556622
    Attrib PVRAAUT=1    -0.03500604455285148
    Attrib PVRAAUT=2    -5.53813607273558E-4
    Attrib PVRAAUT=3    0.04945588293494975
    Attrib PVRAAUT=4    0.3809998872833261
    Attrib PVRAAUT=5    -0.006837880202267589
    Attrib PVRAAUT=6    -0.08405162371241567
    Attrib PVRAAUT=7    0.0011931339767381893
    Attrib PVRAAUT=8    -0.031111404358326367
    Attrib PVRAAUT=9    0.4550273394389516
    Attrib PBRAND=0    1.6201552599717806
    Attrib PBRAND=1    0.7059077965707541
    Attrib PBRAND=2    -0.4132899767649116
    Attrib PBRAND=3    -0.9342585929804111
    Attrib PBRAND=4    1.41460759744269
    Attrib PBRAND=5    0.056859941393481064
    Attrib PBRAND=6    -0.045512610440098036
    Attrib PBRAND=7    0.1657970753295724
    Attrib PBRAND=8    0.397546863780191
    Attrib PBRAND=9    -0.01578337558894556
    Attrib PPLEZIER=0    -0.5995786628291352
    Attrib PPLEZIER=1    0.6022027468071208
    Attrib PPLEZIER=2    0.5810612164634328
    Attrib PPLEZIER=3    0.563095456970506
    Attrib PPLEZIER=4    0.03469705270474267
    Attrib PPLEZIER=5    0.2942559555630232
    Attrib PPLEZIER=6    0.7284533713928172
    Attrib PPLEZIER=7    -0.043014043291202765
    Attrib PPLEZIER=8    0.01386319868658302
    Attrib PPLEZIER=9    0.017958371805936485
Sigmoid Node 13
    Inputs    Weights
    Threshold    0.16329249367463028
    Attrib PPERSAUT=0    1.276432516220116
    Attrib PPERSAUT=1    0.027391464126394913
    Attrib PPERSAUT=2    -0.026836824972763032
    Attrib PPERSAUT=3    0.030768506209689822
    Attrib PPERSAUT=4    -0.14996244330186154
    Attrib PPERSAUT=5    -1.6395707689099448
    Attrib PPERSAUT=6    -0.2482913577082512
    Attrib PPERSAUT=7    0.1706554730833515
    Attrib PPERSAUT=8    0.050142696467185624
    Attrib PPERSAUT=9    -0.007167751879149344
    Attrib PVRAAUT=0    -0.2733216697377812
    Attrib PVRAAUT=1    -0.04536636364409215
    Attrib PVRAAUT=2    -0.02841191843934167
    Attrib PVRAAUT=3    -0.024788719949207783
    Attrib PVRAAUT=4    -0.15655689514579724
    Attrib PVRAAUT=5    -0.008897604598109246
    Attrib PVRAAUT=6    0.24292975807852552
    Attrib PVRAAUT=7    0.019944227833569403
    Attrib PVRAAUT=8    -0.03259057194532436
    Attrib PVRAAUT=9    -0.13617187909260842
    Attrib PBRAND=0    -2.567010027673405
    Attrib PBRAND=1    -0.5442141584397281
    Attrib PBRAND=2    1.2070511491214153
    Attrib PBRAND=3    -1.5413554261033997
    Attrib PBRAND=4    -0.6131028249733305
    Attrib PBRAND=5    0.9368861772985102
    Attrib PBRAND=6    1.4630652350799191
    Attrib PBRAND=7    0.6676359279136115
    Attrib PBRAND=8    -0.14317575994051984
    Attrib PBRAND=9    0.03907628713071859
    Attrib PPLEZIER=0    -4.059342875859029
    Attrib PPLEZIER=1    1.4383232245325597
    Attrib PPLEZIER=2    1.4057136346447705
    Attrib PPLEZIER=3    -0.4298399496962361
    Attrib PPLEZIER=4    0.5698601484926741
    Attrib PPLEZIER=5    0.3574755484799674
    Attrib PPLEZIER=6    -0.08295201423795347
    Attrib PPLEZIER=7    0.01690129352832674
    Attrib PPLEZIER=8    0.016922188425547574
    Attrib PPLEZIER=9    -0.007079613472435062
Sigmoid Node 14
    Inputs    Weights
    Threshold    0.38261825221653506
    Attrib PPERSAUT=0    -0.03835146926195511
    Attrib PPERSAUT=1    0.03267318023347186
    Attrib PPERSAUT=2    -0.040058598792656386
    Attrib PPERSAUT=3    -0.014152719441231199
    Attrib PPERSAUT=4    -0.40423822142536286
    Attrib PPERSAUT=5    -3.1900045730327213
    Attrib PPERSAUT=6    -0.9198241823231486
    Attrib PPERSAUT=7    2.5238144681442343
    Attrib PPERSAUT=8    0.222585890984616
    Attrib PPERSAUT=9    0.005293964073167824
    Attrib PVRAAUT=0    -3.3893733682905536
    Attrib PVRAAUT=1    0.026561013224109628
    Attrib PVRAAUT=2    -0.028815603771199808
    Attrib PVRAAUT=3    0.04448690822055955
    Attrib PVRAAUT=4    -0.14167249370787371
    Attrib PVRAAUT=5    -0.019086348216146076
    Attrib PVRAAUT=6    3.0753543574830755
    Attrib PVRAAUT=7    -0.0052787881044685375
    Attrib PVRAAUT=8    7.860570190945521E-4
    Attrib PVRAAUT=9    -0.4398878173507513
    Attrib PBRAND=0    -3.0625044401112915
    Attrib PBRAND=1    -0.08473167274943755
    Attrib PBRAND=2    0.18025354671998922
    Attrib PBRAND=3    -1.9095845840238141
    Attrib PBRAND=4    -1.6067031869612303
    Attrib PBRAND=5    0.29679326590744093
    Attrib PBRAND=6    0.4064637305715131
    Attrib PBRAND=7    3.2787995973592214
    Attrib PBRAND=8    -0.3447471256287237
    Attrib PBRAND=9    -0.0035798822736833324
    Attrib PPLEZIER=0    -2.02182369151022
    Attrib PPLEZIER=1    -1.3266545814591413
    Attrib PPLEZIER=2    -0.4218323915494477
    Attrib PPLEZIER=3    -0.3945262426870663
    Attrib PPLEZIER=4    2.703719736336098
    Attrib PPLEZIER=5    -0.1683256695764948
    Attrib PPLEZIER=6    -0.43355711068664593
    Attrib PPLEZIER=7    -0.046694326277514124
    Attrib PPLEZIER=8    0.015559491126587735
    Attrib PPLEZIER=9    -0.013311826889858179
Sigmoid Node 15
    Inputs    Weights
    Threshold    0.07843643175981312
    Attrib PPERSAUT=0    1.5086247077989314
    Attrib PPERSAUT=1    -0.04842288099548262
    Attrib PPERSAUT=2    0.04398609003378311
    Attrib PPERSAUT=3    -0.02519431375854754
    Attrib PPERSAUT=4    0.04414217471591522
    Attrib PPERSAUT=5    -2.1287093036470273
    Attrib PPERSAUT=6    -2.035613619783888
    Attrib PPERSAUT=7    2.040608318236807
    Attrib PPERSAUT=8    0.5230902931752764
    Attrib PPERSAUT=9    -0.02044668488901067
    Attrib PVRAAUT=0    -0.9888385421909962
    Attrib PVRAAUT=1    -0.026524901288605265
    Attrib PVRAAUT=2    0.016141811617652768
    Attrib PVRAAUT=3    -0.030097635150720916
    Attrib PVRAAUT=4    0.5508954370635799
    Attrib PVRAAUT=5    -0.04320998964196452
    Attrib PVRAAUT=6    0.47357530733623265
    Attrib PVRAAUT=7    -0.030046589929189283
    Attrib PVRAAUT=8    0.004443059495758309
    Attrib PVRAAUT=9    -0.047359457698275514
    Attrib PBRAND=0    -3.3447872281153077
    Attrib PBRAND=1    0.7364006978644099
    Attrib PBRAND=2    2.216311167685311
    Attrib PBRAND=3    -3.0599987046775317
    Attrib PBRAND=4    -1.598870059580063
    Attrib PBRAND=5    1.8191726171496856
    Attrib PBRAND=6    2.504695539931725
    Attrib PBRAND=7    0.3768836457591975
    Attrib PBRAND=8    0.18550672967082743
    Attrib PBRAND=9    -0.03140898790822806
    Attrib PPLEZIER=0    -0.9771117253971796
    Attrib PPLEZIER=1    -0.875261038777879
    Attrib PPLEZIER=2    0.12809473914457825
    Attrib PPLEZIER=3    0.9311683706535344
    Attrib PPLEZIER=4    0.8601075632012507
    Attrib PPLEZIER=5    0.47608008642009536
    Attrib PPLEZIER=6    -0.5544426098401568
    Attrib PPLEZIER=7    -0.010488183802342753
    Attrib PPLEZIER=8    0.04314263234019143
    Attrib PPLEZIER=9    0.02479417087983303
Sigmoid Node 16
    Inputs    Weights
    Threshold    -0.3159212975469346
    Attrib PPERSAUT=0    -1.6122302229263068
    Attrib PPERSAUT=1    -6.873910503655822E-4
    Attrib PPERSAUT=2    -0.031467965844053425
    Attrib PPERSAUT=3    -0.04676830254374675
    Attrib PPERSAUT=4    0.22806984346871062
    Attrib PPERSAUT=5    1.6486912725103295
    Attrib PPERSAUT=6    1.2709547082250257
    Attrib PPERSAUT=7    -0.1566525945706042
    Attrib PPERSAUT=8    -0.3564179499062527
    Attrib PPERSAUT=9    -9.882129059058942E-4
    Attrib PVRAAUT=0    0.21985861396565992
    Attrib PVRAAUT=1    -0.016476221454051275
    Attrib PVRAAUT=2    0.01827064219483969
    Attrib PVRAAUT=3    -0.037761191154704755
    Attrib PVRAAUT=4    0.2112157363769629
    Attrib PVRAAUT=5    0.0027429817096107575
    Attrib PVRAAUT=6    -0.2151219226401987
    Attrib PVRAAUT=7    0.016668322703333877
    Attrib PVRAAUT=8    0.030340203605433824
    Attrib PVRAAUT=9    0.22792941259487404
    Attrib PBRAND=0    0.3658803084400012
    Attrib PBRAND=1    3.7665163813450273
    Attrib PBRAND=2    -1.0131066064991985
    Attrib PBRAND=3    -1.876238816873644
    Attrib PBRAND=4    0.6710109921707145
    Attrib PBRAND=5    -0.6847771541903728
    Attrib PBRAND=6    0.3712568516117957
    Attrib PBRAND=7    0.037264394418534304
    Attrib PBRAND=8    0.28687884841735206
    Attrib PBRAND=9    -0.012147093527902664
    Attrib PPLEZIER=0    -1.799654617768789
    Attrib PPLEZIER=1    1.092928123682669
    Attrib PPLEZIER=2    0.6350914900436652
    Attrib PPLEZIER=3    -0.11112774278043855
    Attrib PPLEZIER=4    0.1616028657412368
    Attrib PPLEZIER=5    0.13575962873172526
    Attrib PPLEZIER=6    1.0566939531291628
    Attrib PPLEZIER=7    1.0644090733273603E-4
    Attrib PPLEZIER=8    -2.560717509618726E-4
    Attrib PPLEZIER=9    -0.010555450971405367
Sigmoid Node 17
    Inputs    Weights
    Threshold    -0.2127947973300204
    Attrib PPERSAUT=0    -1.4343504145251917
    Attrib PPERSAUT=1    -0.038024844978730925
    Attrib PPERSAUT=2    -0.01669683040670237
    Attrib PPERSAUT=3    0.04223463538725479
    Attrib PPERSAUT=4    0.5426818460563058
    Attrib PPERSAUT=5    1.4422814234932033
    Attrib PPERSAUT=6    -2.8924756931886826
    Attrib PPERSAUT=7    1.9525761143998404
    Attrib PPERSAUT=8    1.091637147290438
    Attrib PPERSAUT=9    0.04542687760164431
    Attrib PVRAAUT=0    -0.8779683561670654
    Attrib PVRAAUT=1    -0.04786994017520142
    Attrib PVRAAUT=2    0.004486565779964223
    Attrib PVRAAUT=3    -0.020347837608219534
    Attrib PVRAAUT=4    0.4487259011391449
    Attrib PVRAAUT=5    -0.032724874426213336
    Attrib PVRAAUT=6    0.5047302719321587
    Attrib PVRAAUT=7    -0.026542085830869956
    Attrib PVRAAUT=8    -0.01809147832279081
    Attrib PVRAAUT=9    0.21847619748503036
    Attrib PBRAND=0    -2.303214094711047
    Attrib PBRAND=1    0.4041428747368152
    Attrib PBRAND=2    0.06106904040532186
    Attrib PBRAND=3    -0.493325723831079
    Attrib PBRAND=4    -5.051109997370336
    Attrib PBRAND=5    3.23943340367271
    Attrib PBRAND=6    4.064822405386795
    Attrib PBRAND=7    1.0733179601923106
    Attrib PBRAND=8    0.2524943962079104
    Attrib PBRAND=9    -0.03547806232489628
    Attrib PPLEZIER=0    0.7687323128111444
    Attrib PPLEZIER=1    -0.5261206120525731
    Attrib PPLEZIER=2    0.14014882955766844
    Attrib PPLEZIER=3    0.1266473803758881
    Attrib PPLEZIER=4    -0.10849031246627316
    Attrib PPLEZIER=5    0.2818717985018234
    Attrib PPLEZIER=6    0.06440858976546719
    Attrib PPLEZIER=7    -0.0404328646093842
    Attrib PPLEZIER=8    -0.013465162157217068
    Attrib PPLEZIER=9    0.011246771691674415
Sigmoid Node 18
    Inputs    Weights
    Threshold    -0.25527999103726917
    Attrib PPERSAUT=0    -1.697927916792714
    Attrib PPERSAUT=1    0.04559613696580604
    Attrib PPERSAUT=2    0.01097197592616398
    Attrib PPERSAUT=3    -0.014448452584604012
    Attrib PPERSAUT=4    0.25357239587984126
    Attrib PPERSAUT=5    1.6491667069546756
    Attrib PPERSAUT=6    1.368287315513178
    Attrib PPERSAUT=7    -0.05814413508803885
    Attrib PPERSAUT=8    -0.324935981904246
    Attrib PPERSAUT=9    -0.026931616733233424
    Attrib PVRAAUT=0    0.21657686452333488
    Attrib PVRAAUT=1    -0.021678393510820928
    Attrib PVRAAUT=2    -0.045948198666767776
    Attrib PVRAAUT=3    -0.025035560190622343
    Attrib PVRAAUT=4    0.2544783222868201
    Attrib PVRAAUT=5    0.007210730947939045
    Attrib PVRAAUT=6    -0.1799068480254318
    Attrib PVRAAUT=7    0.009249600299859273
    Attrib PVRAAUT=8    0.003012305185091192
    Attrib PVRAAUT=9    0.3355459351807677
    Attrib PBRAND=0    1.6336023989942932
    Attrib PBRAND=1    1.054041001418481
    Attrib PBRAND=2    -0.3177396944791484
    Attrib PBRAND=3    -1.399191150402559
    Attrib PBRAND=4    1.669464550027448
    Attrib PBRAND=5    -1.8799271044958012
    Attrib PBRAND=6    0.9180985851973653
    Attrib PBRAND=7    0.04094135777204609
    Attrib PBRAND=8    0.2696355357167113
    Attrib PBRAND=9    -0.012614000855495314
    Attrib PPLEZIER=0    -3.0672987354104055
    Attrib PPLEZIER=1    0.8965364089846537
    Attrib PPLEZIER=2    0.6542416508938845
    Attrib PPLEZIER=3    2.500474923521562
    Attrib PPLEZIER=4    -0.7641404340223389
    Attrib PPLEZIER=5    -0.3215240431415367
    Attrib PPLEZIER=6    1.530223238183145
    Attrib PPLEZIER=7    0.0428653267392579
    Attrib PPLEZIER=8    0.04224013429867461
    Attrib PPLEZIER=9    0.01053302122573363
Sigmoid Node 19
    Inputs    Weights
    Threshold    -0.27400066897520864
    Attrib PPERSAUT=0    0.2370770028638104
    Attrib PPERSAUT=1    0.03978392068390095
    Attrib PPERSAUT=2    -0.014871098046413102
    Attrib PPERSAUT=3    0.021615987656808458
    Attrib PPERSAUT=4    0.25902727756633553
    Attrib PPERSAUT=5    -1.7132771747406137
    Attrib PPERSAUT=6    1.694583568965038
    Attrib PPERSAUT=7    0.231630903048214
    Attrib PPERSAUT=8    0.3623600599231462
    Attrib PPERSAUT=9    -0.01585056311353799
    Attrib PVRAAUT=0    -0.4023457732313754
    Attrib PVRAAUT=1    -0.011984669337753842
    Attrib PVRAAUT=2    0.0249728894980034
    Attrib PVRAAUT=3    0.03047366874966305
    Attrib PVRAAUT=4    0.3196726819681299
    Attrib PVRAAUT=5    0.01543880230159371
    Attrib PVRAAUT=6    0.38711126619068165
    Attrib PVRAAUT=7    0.03472310844555007
    Attrib PVRAAUT=8    0.009558414870767598
    Attrib PVRAAUT=9    0.3226732997662698
    Attrib PBRAND=0    -3.0523173079175776
    Attrib PBRAND=1    -0.42388795019223857
    Attrib PBRAND=2    2.608854016635058
    Attrib PBRAND=3    0.5034275859864288
    Attrib PBRAND=4    0.0719327353926677
    Attrib PBRAND=5    2.695926776649065
    Attrib PBRAND=6    -1.264633153266227
    Attrib PBRAND=7    0.448479735948706
    Attrib PBRAND=8    0.26309008297400427
    Attrib PBRAND=9    -0.04930096937408477
    Attrib PPLEZIER=0    -3.583419013304363
    Attrib PPLEZIER=1    0.7423337484062404
    Attrib PPLEZIER=2    0.9193147349091149
    Attrib PPLEZIER=3    0.6138190209092464
    Attrib PPLEZIER=4    2.73142344067443
    Attrib PPLEZIER=5    0.31475042005432463
    Attrib PPLEZIER=6    -0.42557127184944327
    Attrib PPLEZIER=7    0.006582919993041281
    Attrib PPLEZIER=8    0.018591412513910804
    Attrib PPLEZIER=9    -0.02978929790693513
Sigmoid Node 20
    Inputs    Weights
    Threshold    0.1430521562263679
    Attrib PPERSAUT=0    -3.3630470149946317
    Attrib PPERSAUT=1    -0.02977841395847928
    Attrib PPERSAUT=2    -8.153764866064769E-4
    Attrib PPERSAUT=3    -0.02696434441673237
    Attrib PPERSAUT=4    1.1214628934128315
    Attrib PPERSAUT=5    2.806250257040139
    Attrib PPERSAUT=6    -5.145481864880404
    Attrib PPERSAUT=7    2.680870194049507
    Attrib PPERSAUT=8    1.2798608520776216
    Attrib PPERSAUT=9    -0.011424647367892823
    Attrib PVRAAUT=0    -1.0011347064550569
    Attrib PVRAAUT=1    -0.03054235769802456
    Attrib PVRAAUT=2    -0.01258060946902747
    Attrib PVRAAUT=3    -0.015900450573879392
    Attrib PVRAAUT=4    0.5513395593822938
    Attrib PVRAAUT=5    -0.005988885066677975
    Attrib PVRAAUT=6    0.2748347338045631
    Attrib PVRAAUT=7    0.02631393576921913
    Attrib PVRAAUT=8    0.031661509237079596
    Attrib PVRAAUT=9    -0.17071827827121888
    Attrib PBRAND=0    -3.1864831323392178
    Attrib PBRAND=1    4.356360136613784
    Attrib PBRAND=2    -0.2136383150241453
    Attrib PBRAND=3    -2.89257676966447
    Attrib PBRAND=4    -2.1533219771856538
    Attrib PBRAND=5    -0.8026615770207609
    Attrib PBRAND=6    0.2512021618659611
    Attrib PBRAND=7    3.579435236555522
    Attrib PBRAND=8    -0.04130595998709592
    Attrib PBRAND=9    0.025866683509814914
    Attrib PPLEZIER=0    2.902689650740301
    Attrib PPLEZIER=1    -0.4574923415037441
    Attrib PPLEZIER=2    -0.18846163069732355
    Attrib PPLEZIER=3    -0.2773065820768292
    Attrib PPLEZIER=4    -2.3935863182517227
    Attrib PPLEZIER=5    -0.15180639038648197
    Attrib PPLEZIER=6    -0.27990862470146477
    Attrib PPLEZIER=7    0.04620800523763362
    Attrib PPLEZIER=8    -0.03218629047017581
    Attrib PPLEZIER=9    -0.049514118723957334
Sigmoid Node 21
    Inputs    Weights
    Threshold    -0.4749392714639636
    Attrib PPERSAUT=0    -1.0672527181790366
    Attrib PPERSAUT=1    0.01092935625327588
    Attrib PPERSAUT=2    0.01660282193065972
    Attrib PPERSAUT=3    -0.028810824119998912
    Attrib PPERSAUT=4    0.42744915729587823
    Attrib PPERSAUT=5    0.4133604403526581
    Attrib PPERSAUT=6    1.4207706672410694
    Attrib PPERSAUT=7    0.2720068372546491
    Attrib PPERSAUT=8    0.3513201310975574
    Attrib PPERSAUT=9    -0.013061393196392615
    Attrib PVRAAUT=0    0.047168912362647426
    Attrib PVRAAUT=1    -0.04654032672321973
    Attrib PVRAAUT=2    0.02991837924091363
    Attrib PVRAAUT=3    0.036291507553931374
    Attrib PVRAAUT=4    0.397882360677636
    Attrib PVRAAUT=5    -0.02182738185572175
    Attrib PVRAAUT=6    -0.051456111630573016
    Attrib PVRAAUT=7    -0.030704966454374684
    Attrib PVRAAUT=8    -0.01858320774878578
    Attrib PVRAAUT=9    0.46007469313148946
    Attrib PBRAND=0    1.659078072009453
    Attrib PBRAND=1    0.6042194495245004
    Attrib PBRAND=2    -0.3628833662491209
    Attrib PBRAND=3    -0.8532601252816273
    Attrib PBRAND=4    1.4134582402650422
    Attrib PBRAND=5    0.06573549747792384
    Attrib PBRAND=6    -0.04210473048441019
    Attrib PBRAND=7    0.22691858825250608
    Attrib PBRAND=8    0.4636294587276096
    Attrib PBRAND=9    0.025449266859590813
    Attrib PPLEZIER=0    -0.3874211049793521
    Attrib PPLEZIER=1    0.4650426990659842
    Attrib PPLEZIER=2    0.48651776900866245
    Attrib PPLEZIER=3    0.6221602203339337
    Attrib PPLEZIER=4    0.12187366956907635
    Attrib PPLEZIER=5    0.3854061680566527
    Attrib PPLEZIER=6    0.5731220053763945
    Attrib PPLEZIER=7    0.019919736456985915
    Attrib PPLEZIER=8    -0.04653192252798203
    Attrib PPLEZIER=9    0.0027234652008228943
Sigmoid Node 22
    Inputs    Weights
    Threshold    -0.17970115940595963
    Attrib PPERSAUT=0    -5.94980227397983
    Attrib PPERSAUT=1    0.02773974638199654
    Attrib PPERSAUT=2    -0.037146254866482924
    Attrib PPERSAUT=3    0.008880873613402104
    Attrib PPERSAUT=4    0.12047615105018367
    Attrib PPERSAUT=5    5.978902153944986
    Attrib PPERSAUT=6    2.2790690930441553
    Attrib PPERSAUT=7    -1.943478368231466
    Attrib PPERSAUT=8    0.1642714138960377
    Attrib PPERSAUT=9    -0.0029253537206910957
    Attrib PVRAAUT=0    1.917951441406122
    Attrib PVRAAUT=1    -0.007921420041879013
    Attrib PVRAAUT=2    0.004432952046522075
    Attrib PVRAAUT=3    0.023421833389125596
    Attrib PVRAAUT=4    -0.527532329088753
    Attrib PVRAAUT=5    0.03210537390600647
    Attrib PVRAAUT=6    -1.2055951843234418
    Attrib PVRAAUT=7    -0.02878890065891715
    Attrib PVRAAUT=8    0.019306762668749533
    Attrib PVRAAUT=9    0.12775716162373962
    Attrib PBRAND=0    -4.217002020098564
    Attrib PBRAND=1    -1.0597230307941636
    Attrib PBRAND=2    -2.929682388497922
    Attrib PBRAND=3    3.5967258208852053
    Attrib PBRAND=4    5.957579621188501
    Attrib PBRAND=5    3.4604533975095584
    Attrib PBRAND=6    -2.2793663987498487
    Attrib PBRAND=7    -1.5057100650322308
    Attrib PBRAND=8    0.161705905383302
    Attrib PBRAND=9    -0.0038239879976722374
    Attrib PPLEZIER=0    -4.572493887751378
    Attrib PPLEZIER=1    1.566332485488998
    Attrib PPLEZIER=2    0.43861958142648444
    Attrib PPLEZIER=3    0.41168343056685963
    Attrib PPLEZIER=4    1.7335916234723738
    Attrib PPLEZIER=5    0.18654983592530724
    Attrib PPLEZIER=6    1.0598740984143378
    Attrib PPLEZIER=7    0.0037836721092717046
    Attrib PPLEZIER=8    -0.04210989709571644
    Attrib PPLEZIER=9    -0.027089278983961542
Class 0
    Input
    Node 0
Class 1
    Input
    Node 1


Time taken to build model: 93.94 seconds

=== Evaluation on test set ===

Time taken to test model on supplied test set: 0.19 seconds

=== Summary ===

Correctly Classified Instances        2332               58.3    %
Incorrectly Classified Instances      1668               41.7    %
Kappa statistic                          0.0738
Mean absolute error                      0.4325
Root mean squared error                  0.4917
Relative absolute error                 85.8624 %
Root relative squared error             97.6014 %
Coverage of cases (0.95 level)          99.65   %
Mean rel. region size (0.95 level)      94.4125 %
Total Number of Instances             4000     

=== Detailed Accuracy By Class ===

                 TP Rate  FP Rate  Precision  Recall   F-Measure  MCC      ROC Area  PRC Area  Class
                 0.574    0.277    0.970      0.574    0.721      0.141    0.693     0.966     0
                 0.723    0.426    0.097      0.723    0.171      0.141    0.693     0.121     1
Weighted Avg.    0.583    0.286    0.918      0.583    0.689      0.141    0.693     0.916     

=== Confusion Matrix ===

    a    b   <-- classified as
 2160 1602 |    a = 0
   66  172 |    b = 1

